2017/06/01 16:09:22 INFO  - jmeter.util.JMeterUtils: Setting Locale to es_ES 
2017/06/01 16:09:22 INFO  - jmeter.util.JMeterUtils: Could not find resources for 'es_ES', using 'es' 
2017/06/01 16:09:22 INFO  - jmeter.JMeter: Loading user properties from: D:\Usuarios\Ibermatica\IdeaProjects\iberbank8\target\jmeter\bin\user.properties 
2017/06/01 16:09:22 INFO  - jmeter.JMeter: Loading system properties from: D:\Usuarios\Ibermatica\IdeaProjects\iberbank8\target\jmeter\bin\system.properties 
2017/06/01 16:09:22 INFO  - jmeter.JMeter: Copyright (c) 1998-2016 The Apache Software Foundation 
2017/06/01 16:09:22 INFO  - jmeter.JMeter: Version 3.1 r1770033 
2017/06/01 16:09:22 INFO  - jmeter.JMeter: java.version=1.8.0_111 
2017/06/01 16:09:22 INFO  - jmeter.JMeter: java.vm.name=Java HotSpot(TM) 64-Bit Server VM 
2017/06/01 16:09:22 INFO  - jmeter.JMeter: os.name=Windows 7 
2017/06/01 16:09:22 INFO  - jmeter.JMeter: os.arch=amd64 
2017/06/01 16:09:22 INFO  - jmeter.JMeter: os.version=6.1 
2017/06/01 16:09:22 INFO  - jmeter.JMeter: file.encoding=Cp1252 
2017/06/01 16:09:22 INFO  - jmeter.JMeter: Max memory     =514850816 
2017/06/01 16:09:22 INFO  - jmeter.JMeter: Available Processors =4 
2017/06/01 16:09:22 INFO  - jmeter.JMeter: Default Locale=español (España) 
2017/06/01 16:09:22 INFO  - jmeter.JMeter: JMeter  Locale=español (España) 
2017/06/01 16:09:22 INFO  - jmeter.JMeter: JMeterHome=D:\Usuarios\Ibermatica\IdeaProjects\iberbank8\target\jmeter 
2017/06/01 16:09:22 INFO  - jmeter.JMeter: user.dir  =D:\Usuarios\Ibermatica\IdeaProjects\iberbank8\target\jmeter\bin 
2017/06/01 16:09:22 INFO  - jmeter.JMeter: PWD       =D:\Usuarios\Ibermatica\IdeaProjects\iberbank8\target\jmeter\bin 
2017/06/01 16:09:22 INFO  - jmeter.JMeter: IP: 192.168.56.1 Name: LM22672P FullName: LM22672P.intranet.ibermatica 
2017/06/01 16:09:22 INFO  - jmeter.services.FileServer: Default base='D:\Usuarios\Ibermatica\IdeaProjects\iberbank8\target\jmeter\bin' 
2017/06/01 16:09:22 INFO  - jmeter.services.FileServer: Set new base='D:\Usuarios\Ibermatica\IdeaProjects\iberbank8\target\jmeter\testFiles' 
2017/06/01 16:09:23 INFO  - jmeter.save.SaveService: Testplan (JMX) version: 2.2. Testlog (JTL) version: 2.2 
2017/06/01 16:09:23 INFO  - jmeter.save.SaveService: Using SaveService properties file encoding UTF-8 
2017/06/01 16:09:23 INFO  - jmeter.save.SaveService: Using SaveService properties version 3.1 
2017/06/01 16:09:23 INFO  - jmeter.save.SaveService: All converter versions present and correct 
2017/06/01 16:09:23 INFO  - jmeter.save.SaveService: Loading file: D:\Usuarios\Ibermatica\IdeaProjects\iberbank8\target\jmeter\testFiles\parada111.jmx 
2017/06/01 16:09:23 INFO  - jmeter.protocol.http.sampler.HTTPSamplerBase: Parser for text/html is org.apache.jmeter.protocol.http.parser.LagartoBasedHtmlParser 
2017/06/01 16:09:23 INFO  - jmeter.protocol.http.sampler.HTTPSamplerBase: Parser for application/xhtml+xml is org.apache.jmeter.protocol.http.parser.LagartoBasedHtmlParser 
2017/06/01 16:09:23 INFO  - jmeter.protocol.http.sampler.HTTPSamplerBase: Parser for application/xml is org.apache.jmeter.protocol.http.parser.LagartoBasedHtmlParser 
2017/06/01 16:09:23 INFO  - jmeter.protocol.http.sampler.HTTPSamplerBase: Parser for text/xml is org.apache.jmeter.protocol.http.parser.LagartoBasedHtmlParser 
2017/06/01 16:09:23 INFO  - jmeter.protocol.http.sampler.HTTPSamplerBase: Parser for text/vnd.wap.wml is org.apache.jmeter.protocol.http.parser.RegexpHTMLParser 
2017/06/01 16:09:23 INFO  - jmeter.protocol.http.sampler.HTTPSamplerBase: Parser for text/css is org.apache.jmeter.protocol.http.parser.CssParser 
2017/06/01 16:09:23 INFO  - jmeter.JMeter: Creating summariser <summary> 
2017/06/01 16:09:23 INFO  - jmeter.engine.StandardJMeterEngine: Running the test! 
2017/06/01 16:09:23 INFO  - jmeter.samplers.SampleEvent: List of sample_variables: [] 
2017/06/01 16:09:23 INFO  - jmeter.samplers.SampleEvent: List of sample_variables: [] 
2017/06/01 16:09:23 INFO  - jmeter.engine.util.CompoundVariable: Note: Function class names must contain the string: '.functions.' 
2017/06/01 16:09:23 INFO  - jmeter.engine.util.CompoundVariable: Note: Function class names must not contain the string: '.gui.' 
2017/06/01 16:09:23 INFO  - jmeter.JMeter: Test lanzado (1496326163558) 
2017/06/01 16:09:23 INFO  - jmeter.engine.StandardJMeterEngine: Starting ThreadGroup: 1 : Thread Group 
2017/06/01 16:09:23 INFO  - jmeter.engine.StandardJMeterEngine: Starting 20 threads for group Thread Group. 
2017/06/01 16:09:23 INFO  - jmeter.engine.StandardJMeterEngine: Thread will continue on error 
2017/06/01 16:09:23 INFO  - jmeter.threads.ThreadGroup: Starting thread group number 1 threads 20 ramp-up 20 perThread 1000.0 delayedStart=false 
2017/06/01 16:09:23 INFO  - jmeter.threads.JMeterThread: Thread started: Thread Group 1-1 
2017/06/01 16:09:23 INFO  - jmeter.threads.ThreadGroup: Started thread group number 1 
2017/06/01 16:09:23 INFO  - jmeter.engine.StandardJMeterEngine: All thread groups have been started 
2017/06/01 16:09:23 INFO  - jmeter.protocol.http.sampler.HTTPHCAbstractImpl: Local host = LM22672P 
2017/06/01 16:09:23 INFO  - jmeter.protocol.http.sampler.HTTPHC4Impl: HTTP request retry count = 0 
2017/06/01 16:09:23 INFO  - jmeter.samplers.SampleResult: Note: Sample TimeStamps are START times 
2017/06/01 16:09:23 INFO  - jmeter.samplers.SampleResult: sampleresult.default.encoding is set to ISO-8859-1 
2017/06/01 16:09:23 INFO  - jmeter.samplers.SampleResult: sampleresult.useNanoTime=true 
2017/06/01 16:09:23 INFO  - jmeter.samplers.SampleResult: sampleresult.nanoThreadSleep=5000 
2017/06/01 16:09:24 ERROR - jmeter.visualizers.JSR223Listener: Problem in JSR223 script JSR223 Listener javax.script.ScriptException: Both script file and script text are empty for element:JSR223 Listener
	at org.apache.jmeter.util.JSR223TestElement.processFileOrScript(JSR223TestElement.java:223)
	at org.apache.jmeter.visualizers.JSR223Listener.sampleOccurred(JSR223Listener.java:50)
	at org.apache.jmeter.threads.ListenerNotifier.notifyListeners(ListenerNotifier.java:67)
	at org.apache.jmeter.threads.JMeterThread.notifyListeners(JMeterThread.java:852)
	at org.apache.jmeter.threads.JMeterThread.executeSamplePackage(JMeterThread.java:505)
	at org.apache.jmeter.threads.JMeterThread.processSampler(JMeterThread.java:418)
	at org.apache.jmeter.threads.JMeterThread.run(JMeterThread.java:249)
	at java.lang.Thread.run(Thread.java:745)

2017/06/01 16:09:24 ERROR - jmeter.visualizers.JSR223Listener: Problem in JSR223 script JSR223 Listener javax.script.ScriptException: Both script file and script text are empty for element:JSR223 Listener
	at org.apache.jmeter.util.JSR223TestElement.processFileOrScript(JSR223TestElement.java:223)
	at org.apache.jmeter.visualizers.JSR223Listener.sampleOccurred(JSR223Listener.java:50)
	at org.apache.jmeter.threads.ListenerNotifier.notifyListeners(ListenerNotifier.java:67)
	at org.apache.jmeter.threads.JMeterThread.notifyListeners(JMeterThread.java:852)
	at org.apache.jmeter.threads.JMeterThread.executeSamplePackage(JMeterThread.java:505)
	at org.apache.jmeter.threads.JMeterThread.processSampler(JMeterThread.java:418)
	at org.apache.jmeter.threads.JMeterThread.run(JMeterThread.java:249)
	at java.lang.Thread.run(Thread.java:745)

2017/06/01 16:09:24 INFO  - jmeter.threads.JMeterThread: Thread started: Thread Group 1-2 
2017/06/01 16:09:25 ERROR - jmeter.visualizers.JSR223Listener: Problem in JSR223 script JSR223 Listener javax.script.ScriptException: Both script file and script text are empty for element:JSR223 Listener
	at org.apache.jmeter.util.JSR223TestElement.processFileOrScript(JSR223TestElement.java:223)
	at org.apache.jmeter.visualizers.JSR223Listener.sampleOccurred(JSR223Listener.java:50)
	at org.apache.jmeter.threads.ListenerNotifier.notifyListeners(ListenerNotifier.java:67)
	at org.apache.jmeter.threads.JMeterThread.notifyListeners(JMeterThread.java:852)
	at org.apache.jmeter.threads.JMeterThread.executeSamplePackage(JMeterThread.java:505)
	at org.apache.jmeter.threads.JMeterThread.processSampler(JMeterThread.java:418)
	at org.apache.jmeter.threads.JMeterThread.run(JMeterThread.java:249)
	at java.lang.Thread.run(Thread.java:745)

2017/06/01 16:09:25 ERROR - jmeter.visualizers.JSR223Listener: Problem in JSR223 script JSR223 Listener javax.script.ScriptException: Both script file and script text are empty for element:JSR223 Listener
	at org.apache.jmeter.util.JSR223TestElement.processFileOrScript(JSR223TestElement.java:223)
	at org.apache.jmeter.visualizers.JSR223Listener.sampleOccurred(JSR223Listener.java:50)
	at org.apache.jmeter.threads.ListenerNotifier.notifyListeners(ListenerNotifier.java:67)
	at org.apache.jmeter.threads.JMeterThread.notifyListeners(JMeterThread.java:852)
	at org.apache.jmeter.threads.JMeterThread.executeSamplePackage(JMeterThread.java:505)
	at org.apache.jmeter.threads.JMeterThread.processSampler(JMeterThread.java:418)
	at org.apache.jmeter.threads.JMeterThread.run(JMeterThread.java:249)
	at java.lang.Thread.run(Thread.java:745)

2017/06/01 16:09:25 ERROR - jmeter.visualizers.JSR223Listener: Problem in JSR223 script JSR223 Listener javax.script.ScriptException: Both script file and script text are empty for element:JSR223 Listener
	at org.apache.jmeter.util.JSR223TestElement.processFileOrScript(JSR223TestElement.java:223)
	at org.apache.jmeter.visualizers.JSR223Listener.sampleOccurred(JSR223Listener.java:50)
	at org.apache.jmeter.threads.ListenerNotifier.notifyListeners(ListenerNotifier.java:67)
	at org.apache.jmeter.threads.JMeterThread.notifyListeners(JMeterThread.java:852)
	at org.apache.jmeter.threads.JMeterThread.executeSamplePackage(JMeterThread.java:505)
	at org.apache.jmeter.threads.JMeterThread.processSampler(JMeterThread.java:418)
	at org.apache.jmeter.threads.JMeterThread.run(JMeterThread.java:249)
	at java.lang.Thread.run(Thread.java:745)

2017/06/01 16:09:25 ERROR - jmeter.visualizers.JSR223Listener: Problem in JSR223 script JSR223 Listener javax.script.ScriptException: Both script file and script text are empty for element:JSR223 Listener
	at org.apache.jmeter.util.JSR223TestElement.processFileOrScript(JSR223TestElement.java:223)
	at org.apache.jmeter.visualizers.JSR223Listener.sampleOccurred(JSR223Listener.java:50)
	at org.apache.jmeter.threads.ListenerNotifier.notifyListeners(ListenerNotifier.java:67)
	at org.apache.jmeter.threads.JMeterThread.notifyListeners(JMeterThread.java:852)
	at org.apache.jmeter.threads.JMeterThread.executeSamplePackage(JMeterThread.java:505)
	at org.apache.jmeter.threads.JMeterThread.processSampler(JMeterThread.java:418)
	at org.apache.jmeter.threads.JMeterThread.run(JMeterThread.java:249)
	at java.lang.Thread.run(Thread.java:745)

2017/06/01 16:09:25 INFO  - jmeter.threads.JMeterThread: Thread started: Thread Group 1-3 
2017/06/01 16:09:25 ERROR - jmeter.visualizers.JSR223Listener: Problem in JSR223 script JSR223 Listener javax.script.ScriptException: Both script file and script text are empty for element:JSR223 Listener
	at org.apache.jmeter.util.JSR223TestElement.processFileOrScript(JSR223TestElement.java:223)
	at org.apache.jmeter.visualizers.JSR223Listener.sampleOccurred(JSR223Listener.java:50)
	at org.apache.jmeter.threads.ListenerNotifier.notifyListeners(ListenerNotifier.java:67)
	at org.apache.jmeter.threads.JMeterThread.notifyListeners(JMeterThread.java:852)
	at org.apache.jmeter.threads.JMeterThread.executeSamplePackage(JMeterThread.java:505)
	at org.apache.jmeter.threads.JMeterThread.processSampler(JMeterThread.java:418)
	at org.apache.jmeter.threads.JMeterThread.run(JMeterThread.java:249)
	at java.lang.Thread.run(Thread.java:745)

2017/06/01 16:09:26 ERROR - jmeter.visualizers.JSR223Listener: Problem in JSR223 script JSR223 Listener javax.script.ScriptException: Both script file and script text are empty for element:JSR223 Listener
	at org.apache.jmeter.util.JSR223TestElement.processFileOrScript(JSR223TestElement.java:223)
	at org.apache.jmeter.visualizers.JSR223Listener.sampleOccurred(JSR223Listener.java:50)
	at org.apache.jmeter.threads.ListenerNotifier.notifyListeners(ListenerNotifier.java:67)
	at org.apache.jmeter.threads.JMeterThread.notifyListeners(JMeterThread.java:852)
	at org.apache.jmeter.threads.JMeterThread.executeSamplePackage(JMeterThread.java:505)
	at org.apache.jmeter.threads.JMeterThread.processSampler(JMeterThread.java:418)
	at org.apache.jmeter.threads.JMeterThread.run(JMeterThread.java:249)
	at java.lang.Thread.run(Thread.java:745)

2017/06/01 16:09:26 ERROR - jmeter.visualizers.JSR223Listener: Problem in JSR223 script JSR223 Listener javax.script.ScriptException: Both script file and script text are empty for element:JSR223 Listener
	at org.apache.jmeter.util.JSR223TestElement.processFileOrScript(JSR223TestElement.java:223)
	at org.apache.jmeter.visualizers.JSR223Listener.sampleOccurred(JSR223Listener.java:50)
	at org.apache.jmeter.threads.ListenerNotifier.notifyListeners(ListenerNotifier.java:67)
	at org.apache.jmeter.threads.JMeterThread.notifyListeners(JMeterThread.java:852)
	at org.apache.jmeter.threads.JMeterThread.executeSamplePackage(JMeterThread.java:505)
	at org.apache.jmeter.threads.JMeterThread.processSampler(JMeterThread.java:418)
	at org.apache.jmeter.threads.JMeterThread.run(JMeterThread.java:249)
	at java.lang.Thread.run(Thread.java:745)

2017/06/01 16:09:26 ERROR - jmeter.visualizers.JSR223Listener: Problem in JSR223 script JSR223 Listener javax.script.ScriptException: Both script file and script text are empty for element:JSR223 Listener
	at org.apache.jmeter.util.JSR223TestElement.processFileOrScript(JSR223TestElement.java:223)
	at org.apache.jmeter.visualizers.JSR223Listener.sampleOccurred(JSR223Listener.java:50)
	at org.apache.jmeter.threads.ListenerNotifier.notifyListeners(ListenerNotifier.java:67)
	at org.apache.jmeter.threads.JMeterThread.notifyListeners(JMeterThread.java:852)
	at org.apache.jmeter.threads.JMeterThread.executeSamplePackage(JMeterThread.java:505)
	at org.apache.jmeter.threads.JMeterThread.processSampler(JMeterThread.java:418)
	at org.apache.jmeter.threads.JMeterThread.run(JMeterThread.java:249)
	at java.lang.Thread.run(Thread.java:745)

2017/06/01 16:09:26 INFO  - jmeter.threads.JMeterThread: Thread started: Thread Group 1-4 
2017/06/01 16:09:26 ERROR - jmeter.visualizers.JSR223Listener: Problem in JSR223 script JSR223 Listener javax.script.ScriptException: Both script file and script text are empty for element:JSR223 Listener
	at org.apache.jmeter.util.JSR223TestElement.processFileOrScript(JSR223TestElement.java:223)
	at org.apache.jmeter.visualizers.JSR223Listener.sampleOccurred(JSR223Listener.java:50)
	at org.apache.jmeter.threads.ListenerNotifier.notifyListeners(ListenerNotifier.java:67)
	at org.apache.jmeter.threads.JMeterThread.notifyListeners(JMeterThread.java:852)
	at org.apache.jmeter.threads.JMeterThread.executeSamplePackage(JMeterThread.java:505)
	at org.apache.jmeter.threads.JMeterThread.processSampler(JMeterThread.java:418)
	at org.apache.jmeter.threads.JMeterThread.run(JMeterThread.java:249)
	at java.lang.Thread.run(Thread.java:745)

2017/06/01 16:09:27 ERROR - jmeter.visualizers.JSR223Listener: Problem in JSR223 script JSR223 Listener javax.script.ScriptException: Both script file and script text are empty for element:JSR223 Listener
	at org.apache.jmeter.util.JSR223TestElement.processFileOrScript(JSR223TestElement.java:223)
	at org.apache.jmeter.visualizers.JSR223Listener.sampleOccurred(JSR223Listener.java:50)
	at org.apache.jmeter.threads.ListenerNotifier.notifyListeners(ListenerNotifier.java:67)
	at org.apache.jmeter.threads.JMeterThread.notifyListeners(JMeterThread.java:852)
	at org.apache.jmeter.threads.JMeterThread.executeSamplePackage(JMeterThread.java:505)
	at org.apache.jmeter.threads.JMeterThread.processSampler(JMeterThread.java:418)
	at org.apache.jmeter.threads.JMeterThread.run(JMeterThread.java:249)
	at java.lang.Thread.run(Thread.java:745)

2017/06/01 16:09:27 INFO  - jmeter.threads.JMeterThread: Thread started: Thread Group 1-5 
2017/06/01 16:09:27 ERROR - jmeter.visualizers.JSR223Listener: Problem in JSR223 script JSR223 Listener javax.script.ScriptException: Both script file and script text are empty for element:JSR223 Listener
	at org.apache.jmeter.util.JSR223TestElement.processFileOrScript(JSR223TestElement.java:223)
	at org.apache.jmeter.visualizers.JSR223Listener.sampleOccurred(JSR223Listener.java:50)
	at org.apache.jmeter.threads.ListenerNotifier.notifyListeners(ListenerNotifier.java:67)
	at org.apache.jmeter.threads.JMeterThread.notifyListeners(JMeterThread.java:852)
	at org.apache.jmeter.threads.JMeterThread.executeSamplePackage(JMeterThread.java:505)
	at org.apache.jmeter.threads.JMeterThread.processSampler(JMeterThread.java:418)
	at org.apache.jmeter.threads.JMeterThread.run(JMeterThread.java:249)
	at java.lang.Thread.run(Thread.java:745)

2017/06/01 16:09:27 ERROR - jmeter.visualizers.JSR223Listener: Problem in JSR223 script JSR223 Listener javax.script.ScriptException: Both script file and script text are empty for element:JSR223 Listener
	at org.apache.jmeter.util.JSR223TestElement.processFileOrScript(JSR223TestElement.java:223)
	at org.apache.jmeter.visualizers.JSR223Listener.sampleOccurred(JSR223Listener.java:50)
	at org.apache.jmeter.threads.ListenerNotifier.notifyListeners(ListenerNotifier.java:67)
	at org.apache.jmeter.threads.JMeterThread.notifyListeners(JMeterThread.java:852)
	at org.apache.jmeter.threads.JMeterThread.executeSamplePackage(JMeterThread.java:505)
	at org.apache.jmeter.threads.JMeterThread.processSampler(JMeterThread.java:418)
	at org.apache.jmeter.threads.JMeterThread.run(JMeterThread.java:249)
	at java.lang.Thread.run(Thread.java:745)

2017/06/01 16:09:27 ERROR - jmeter.visualizers.JSR223Listener: Problem in JSR223 script JSR223 Listener javax.script.ScriptException: Both script file and script text are empty for element:JSR223 Listener
	at org.apache.jmeter.util.JSR223TestElement.processFileOrScript(JSR223TestElement.java:223)
	at org.apache.jmeter.visualizers.JSR223Listener.sampleOccurred(JSR223Listener.java:50)
	at org.apache.jmeter.threads.ListenerNotifier.notifyListeners(ListenerNotifier.java:67)
	at org.apache.jmeter.threads.JMeterThread.notifyListeners(JMeterThread.java:852)
	at org.apache.jmeter.threads.JMeterThread.executeSamplePackage(JMeterThread.java:505)
	at org.apache.jmeter.threads.JMeterThread.processSampler(JMeterThread.java:418)
	at org.apache.jmeter.threads.JMeterThread.run(JMeterThread.java:249)
	at java.lang.Thread.run(Thread.java:745)

2017/06/01 16:09:28 ERROR - jmeter.visualizers.JSR223Listener: Problem in JSR223 script JSR223 Listener javax.script.ScriptException: Both script file and script text are empty for element:JSR223 Listener
	at org.apache.jmeter.util.JSR223TestElement.processFileOrScript(JSR223TestElement.java:223)
	at org.apache.jmeter.visualizers.JSR223Listener.sampleOccurred(JSR223Listener.java:50)
	at org.apache.jmeter.threads.ListenerNotifier.notifyListeners(ListenerNotifier.java:67)
	at org.apache.jmeter.threads.JMeterThread.notifyListeners(JMeterThread.java:852)
	at org.apache.jmeter.threads.JMeterThread.executeSamplePackage(JMeterThread.java:505)
	at org.apache.jmeter.threads.JMeterThread.processSampler(JMeterThread.java:418)
	at org.apache.jmeter.threads.JMeterThread.run(JMeterThread.java:249)
	at java.lang.Thread.run(Thread.java:745)

2017/06/01 16:09:28 INFO  - jmeter.threads.JMeterThread: Thread started: Thread Group 1-6 
2017/06/01 16:09:28 ERROR - jmeter.visualizers.JSR223Listener: Problem in JSR223 script JSR223 Listener javax.script.ScriptException: Both script file and script text are empty for element:JSR223 Listener
	at org.apache.jmeter.util.JSR223TestElement.processFileOrScript(JSR223TestElement.java:223)
	at org.apache.jmeter.visualizers.JSR223Listener.sampleOccurred(JSR223Listener.java:50)
	at org.apache.jmeter.threads.ListenerNotifier.notifyListeners(ListenerNotifier.java:67)
	at org.apache.jmeter.threads.JMeterThread.notifyListeners(JMeterThread.java:852)
	at org.apache.jmeter.threads.JMeterThread.executeSamplePackage(JMeterThread.java:505)
	at org.apache.jmeter.threads.JMeterThread.processSampler(JMeterThread.java:418)
	at org.apache.jmeter.threads.JMeterThread.run(JMeterThread.java:249)
	at java.lang.Thread.run(Thread.java:745)

2017/06/01 16:09:29 ERROR - jmeter.visualizers.JSR223Listener: Problem in JSR223 script JSR223 Listener javax.script.ScriptException: Both script file and script text are empty for element:JSR223 Listener
	at org.apache.jmeter.util.JSR223TestElement.processFileOrScript(JSR223TestElement.java:223)
	at org.apache.jmeter.visualizers.JSR223Listener.sampleOccurred(JSR223Listener.java:50)
	at org.apache.jmeter.threads.ListenerNotifier.notifyListeners(ListenerNotifier.java:67)
	at org.apache.jmeter.threads.JMeterThread.notifyListeners(JMeterThread.java:852)
	at org.apache.jmeter.threads.JMeterThread.executeSamplePackage(JMeterThread.java:505)
	at org.apache.jmeter.threads.JMeterThread.processSampler(JMeterThread.java:418)
	at org.apache.jmeter.threads.JMeterThread.run(JMeterThread.java:249)
	at java.lang.Thread.run(Thread.java:745)

2017/06/01 16:09:29 ERROR - jmeter.visualizers.JSR223Listener: Problem in JSR223 script JSR223 Listener javax.script.ScriptException: Both script file and script text are empty for element:JSR223 Listener
	at org.apache.jmeter.util.JSR223TestElement.processFileOrScript(JSR223TestElement.java:223)
	at org.apache.jmeter.visualizers.JSR223Listener.sampleOccurred(JSR223Listener.java:50)
	at org.apache.jmeter.threads.ListenerNotifier.notifyListeners(ListenerNotifier.java:67)
	at org.apache.jmeter.threads.JMeterThread.notifyListeners(JMeterThread.java:852)
	at org.apache.jmeter.threads.JMeterThread.executeSamplePackage(JMeterThread.java:505)
	at org.apache.jmeter.threads.JMeterThread.processSampler(JMeterThread.java:418)
	at org.apache.jmeter.threads.JMeterThread.run(JMeterThread.java:249)
	at java.lang.Thread.run(Thread.java:745)

2017/06/01 16:09:29 ERROR - jmeter.visualizers.JSR223Listener: Problem in JSR223 script JSR223 Listener javax.script.ScriptException: Both script file and script text are empty for element:JSR223 Listener
	at org.apache.jmeter.util.JSR223TestElement.processFileOrScript(JSR223TestElement.java:223)
	at org.apache.jmeter.visualizers.JSR223Listener.sampleOccurred(JSR223Listener.java:50)
	at org.apache.jmeter.threads.ListenerNotifier.notifyListeners(ListenerNotifier.java:67)
	at org.apache.jmeter.threads.JMeterThread.notifyListeners(JMeterThread.java:852)
	at org.apache.jmeter.threads.JMeterThread.executeSamplePackage(JMeterThread.java:505)
	at org.apache.jmeter.threads.JMeterThread.processSampler(JMeterThread.java:418)
	at org.apache.jmeter.threads.JMeterThread.run(JMeterThread.java:249)
	at java.lang.Thread.run(Thread.java:745)

2017/06/01 16:09:29 INFO  - jmeter.threads.JMeterThread: Thread started: Thread Group 1-7 
2017/06/01 16:09:30 ERROR - jmeter.visualizers.JSR223Listener: Problem in JSR223 script JSR223 Listener javax.script.ScriptException: Both script file and script text are empty for element:JSR223 Listener
	at org.apache.jmeter.util.JSR223TestElement.processFileOrScript(JSR223TestElement.java:223)
	at org.apache.jmeter.visualizers.JSR223Listener.sampleOccurred(JSR223Listener.java:50)
	at org.apache.jmeter.threads.ListenerNotifier.notifyListeners(ListenerNotifier.java:67)
	at org.apache.jmeter.threads.JMeterThread.notifyListeners(JMeterThread.java:852)
	at org.apache.jmeter.threads.JMeterThread.executeSamplePackage(JMeterThread.java:505)
	at org.apache.jmeter.threads.JMeterThread.processSampler(JMeterThread.java:418)
	at org.apache.jmeter.threads.JMeterThread.run(JMeterThread.java:249)
	at java.lang.Thread.run(Thread.java:745)

2017/06/01 16:09:30 INFO  - jmeter.reporters.Summariser: summary +     21 in 00:00:06 =    3,2/s Avg:   367 Min:     0 Max:  1067 Err:     4 (19,05%) Active: 7 Started: 7 Finished: 0 
2017/06/01 16:09:30 ERROR - jmeter.visualizers.JSR223Listener: Problem in JSR223 script JSR223 Listener javax.script.ScriptException: Both script file and script text are empty for element:JSR223 Listener
	at org.apache.jmeter.util.JSR223TestElement.processFileOrScript(JSR223TestElement.java:223)
	at org.apache.jmeter.visualizers.JSR223Listener.sampleOccurred(JSR223Listener.java:50)
	at org.apache.jmeter.threads.ListenerNotifier.notifyListeners(ListenerNotifier.java:67)
	at org.apache.jmeter.threads.JMeterThread.notifyListeners(JMeterThread.java:852)
	at org.apache.jmeter.threads.JMeterThread.executeSamplePackage(JMeterThread.java:505)
	at org.apache.jmeter.threads.JMeterThread.processSampler(JMeterThread.java:418)
	at org.apache.jmeter.threads.JMeterThread.run(JMeterThread.java:249)
	at java.lang.Thread.run(Thread.java:745)

2017/06/01 16:09:30 ERROR - jmeter.visualizers.JSR223Listener: Problem in JSR223 script JSR223 Listener javax.script.ScriptException: Both script file and script text are empty for element:JSR223 Listener
	at org.apache.jmeter.util.JSR223TestElement.processFileOrScript(JSR223TestElement.java:223)
	at org.apache.jmeter.visualizers.JSR223Listener.sampleOccurred(JSR223Listener.java:50)
	at org.apache.jmeter.threads.ListenerNotifier.notifyListeners(ListenerNotifier.java:67)
	at org.apache.jmeter.threads.JMeterThread.notifyListeners(JMeterThread.java:852)
	at org.apache.jmeter.threads.JMeterThread.executeSamplePackage(JMeterThread.java:505)
	at org.apache.jmeter.threads.JMeterThread.processSampler(JMeterThread.java:418)
	at org.apache.jmeter.threads.JMeterThread.run(JMeterThread.java:249)
	at java.lang.Thread.run(Thread.java:745)

2017/06/01 16:09:30 ERROR - jmeter.visualizers.JSR223Listener: Problem in JSR223 script JSR223 Listener javax.script.ScriptException: Both script file and script text are empty for element:JSR223 Listener
	at org.apache.jmeter.util.JSR223TestElement.processFileOrScript(JSR223TestElement.java:223)
	at org.apache.jmeter.visualizers.JSR223Listener.sampleOccurred(JSR223Listener.java:50)
	at org.apache.jmeter.threads.ListenerNotifier.notifyListeners(ListenerNotifier.java:67)
	at org.apache.jmeter.threads.JMeterThread.notifyListeners(JMeterThread.java:852)
	at org.apache.jmeter.threads.JMeterThread.executeSamplePackage(JMeterThread.java:505)
	at org.apache.jmeter.threads.JMeterThread.processSampler(JMeterThread.java:418)
	at org.apache.jmeter.threads.JMeterThread.run(JMeterThread.java:249)
	at java.lang.Thread.run(Thread.java:745)

2017/06/01 16:09:30 ERROR - jmeter.visualizers.JSR223Listener: Problem in JSR223 script JSR223 Listener javax.script.ScriptException: Both script file and script text are empty for element:JSR223 Listener
	at org.apache.jmeter.util.JSR223TestElement.processFileOrScript(JSR223TestElement.java:223)
	at org.apache.jmeter.visualizers.JSR223Listener.sampleOccurred(JSR223Listener.java:50)
	at org.apache.jmeter.threads.ListenerNotifier.notifyListeners(ListenerNotifier.java:67)
	at org.apache.jmeter.threads.JMeterThread.notifyListeners(JMeterThread.java:852)
	at org.apache.jmeter.threads.JMeterThread.executeSamplePackage(JMeterThread.java:505)
	at org.apache.jmeter.threads.JMeterThread.processSampler(JMeterThread.java:418)
	at org.apache.jmeter.threads.JMeterThread.run(JMeterThread.java:249)
	at java.lang.Thread.run(Thread.java:745)

2017/06/01 16:09:30 ERROR - jmeter.visualizers.JSR223Listener: Problem in JSR223 script JSR223 Listener javax.script.ScriptException: Both script file and script text are empty for element:JSR223 Listener
	at org.apache.jmeter.util.JSR223TestElement.processFileOrScript(JSR223TestElement.java:223)
	at org.apache.jmeter.visualizers.JSR223Listener.sampleOccurred(JSR223Listener.java:50)
	at org.apache.jmeter.threads.ListenerNotifier.notifyListeners(ListenerNotifier.java:67)
	at org.apache.jmeter.threads.JMeterThread.notifyListeners(JMeterThread.java:852)
	at org.apache.jmeter.threads.JMeterThread.executeSamplePackage(JMeterThread.java:505)
	at org.apache.jmeter.threads.JMeterThread.processSampler(JMeterThread.java:418)
	at org.apache.jmeter.threads.JMeterThread.run(JMeterThread.java:249)
	at java.lang.Thread.run(Thread.java:745)

2017/06/01 16:09:30 INFO  - jmeter.threads.JMeterThread: Thread started: Thread Group 1-8 
2017/06/01 16:09:31 ERROR - jmeter.visualizers.JSR223Listener: Problem in JSR223 script JSR223 Listener javax.script.ScriptException: Both script file and script text are empty for element:JSR223 Listener
	at org.apache.jmeter.util.JSR223TestElement.processFileOrScript(JSR223TestElement.java:223)
	at org.apache.jmeter.visualizers.JSR223Listener.sampleOccurred(JSR223Listener.java:50)
	at org.apache.jmeter.threads.ListenerNotifier.notifyListeners(ListenerNotifier.java:67)
	at org.apache.jmeter.threads.JMeterThread.notifyListeners(JMeterThread.java:852)
	at org.apache.jmeter.threads.JMeterThread.executeSamplePackage(JMeterThread.java:505)
	at org.apache.jmeter.threads.JMeterThread.processSampler(JMeterThread.java:418)
	at org.apache.jmeter.threads.JMeterThread.run(JMeterThread.java:249)
	at java.lang.Thread.run(Thread.java:745)

2017/06/01 16:09:31 ERROR - jmeter.visualizers.JSR223Listener: Problem in JSR223 script JSR223 Listener javax.script.ScriptException: Both script file and script text are empty for element:JSR223 Listener
	at org.apache.jmeter.util.JSR223TestElement.processFileOrScript(JSR223TestElement.java:223)
	at org.apache.jmeter.visualizers.JSR223Listener.sampleOccurred(JSR223Listener.java:50)
	at org.apache.jmeter.threads.ListenerNotifier.notifyListeners(ListenerNotifier.java:67)
	at org.apache.jmeter.threads.JMeterThread.notifyListeners(JMeterThread.java:852)
	at org.apache.jmeter.threads.JMeterThread.executeSamplePackage(JMeterThread.java:505)
	at org.apache.jmeter.threads.JMeterThread.processSampler(JMeterThread.java:418)
	at org.apache.jmeter.threads.JMeterThread.run(JMeterThread.java:249)
	at java.lang.Thread.run(Thread.java:745)

2017/06/01 16:09:31 ERROR - jmeter.visualizers.JSR223Listener: Problem in JSR223 script JSR223 Listener javax.script.ScriptException: Both script file and script text are empty for element:JSR223 Listener
	at org.apache.jmeter.util.JSR223TestElement.processFileOrScript(JSR223TestElement.java:223)
	at org.apache.jmeter.visualizers.JSR223Listener.sampleOccurred(JSR223Listener.java:50)
	at org.apache.jmeter.threads.ListenerNotifier.notifyListeners(ListenerNotifier.java:67)
	at org.apache.jmeter.threads.JMeterThread.notifyListeners(JMeterThread.java:852)
	at org.apache.jmeter.threads.JMeterThread.executeSamplePackage(JMeterThread.java:505)
	at org.apache.jmeter.threads.JMeterThread.processSampler(JMeterThread.java:418)
	at org.apache.jmeter.threads.JMeterThread.run(JMeterThread.java:249)
	at java.lang.Thread.run(Thread.java:745)

2017/06/01 16:09:31 ERROR - jmeter.visualizers.JSR223Listener: Problem in JSR223 script JSR223 Listener javax.script.ScriptException: Both script file and script text are empty for element:JSR223 Listener
	at org.apache.jmeter.util.JSR223TestElement.processFileOrScript(JSR223TestElement.java:223)
	at org.apache.jmeter.visualizers.JSR223Listener.sampleOccurred(JSR223Listener.java:50)
	at org.apache.jmeter.threads.ListenerNotifier.notifyListeners(ListenerNotifier.java:67)
	at org.apache.jmeter.threads.JMeterThread.notifyListeners(JMeterThread.java:852)
	at org.apache.jmeter.threads.JMeterThread.executeSamplePackage(JMeterThread.java:505)
	at org.apache.jmeter.threads.JMeterThread.processSampler(JMeterThread.java:418)
	at org.apache.jmeter.threads.JMeterThread.run(JMeterThread.java:249)
	at java.lang.Thread.run(Thread.java:745)

2017/06/01 16:09:31 INFO  - jmeter.threads.JMeterThread: Thread started: Thread Group 1-9 
2017/06/01 16:09:32 ERROR - jmeter.visualizers.JSR223Listener: Problem in JSR223 script JSR223 Listener javax.script.ScriptException: Both script file and script text are empty for element:JSR223 Listener
	at org.apache.jmeter.util.JSR223TestElement.processFileOrScript(JSR223TestElement.java:223)
	at org.apache.jmeter.visualizers.JSR223Listener.sampleOccurred(JSR223Listener.java:50)
	at org.apache.jmeter.threads.ListenerNotifier.notifyListeners(ListenerNotifier.java:67)
	at org.apache.jmeter.threads.JMeterThread.notifyListeners(JMeterThread.java:852)
	at org.apache.jmeter.threads.JMeterThread.executeSamplePackage(JMeterThread.java:505)
	at org.apache.jmeter.threads.JMeterThread.processSampler(JMeterThread.java:418)
	at org.apache.jmeter.threads.JMeterThread.run(JMeterThread.java:249)
	at java.lang.Thread.run(Thread.java:745)

2017/06/01 16:09:32 ERROR - jmeter.visualizers.JSR223Listener: Problem in JSR223 script JSR223 Listener javax.script.ScriptException: Both script file and script text are empty for element:JSR223 Listener
	at org.apache.jmeter.util.JSR223TestElement.processFileOrScript(JSR223TestElement.java:223)
	at org.apache.jmeter.visualizers.JSR223Listener.sampleOccurred(JSR223Listener.java:50)
	at org.apache.jmeter.threads.ListenerNotifier.notifyListeners(ListenerNotifier.java:67)
	at org.apache.jmeter.threads.JMeterThread.notifyListeners(JMeterThread.java:852)
	at org.apache.jmeter.threads.JMeterThread.executeSamplePackage(JMeterThread.java:505)
	at org.apache.jmeter.threads.JMeterThread.processSampler(JMeterThread.java:418)
	at org.apache.jmeter.threads.JMeterThread.run(JMeterThread.java:249)
	at java.lang.Thread.run(Thread.java:745)

2017/06/01 16:09:32 INFO  - jmeter.threads.JMeterThread: Thread started: Thread Group 1-10 
2017/06/01 16:09:32 ERROR - jmeter.visualizers.JSR223Listener: Problem in JSR223 script JSR223 Listener javax.script.ScriptException: Both script file and script text are empty for element:JSR223 Listener
	at org.apache.jmeter.util.JSR223TestElement.processFileOrScript(JSR223TestElement.java:223)
	at org.apache.jmeter.visualizers.JSR223Listener.sampleOccurred(JSR223Listener.java:50)
	at org.apache.jmeter.threads.ListenerNotifier.notifyListeners(ListenerNotifier.java:67)
	at org.apache.jmeter.threads.JMeterThread.notifyListeners(JMeterThread.java:852)
	at org.apache.jmeter.threads.JMeterThread.executeSamplePackage(JMeterThread.java:505)
	at org.apache.jmeter.threads.JMeterThread.processSampler(JMeterThread.java:418)
	at org.apache.jmeter.threads.JMeterThread.run(JMeterThread.java:249)
	at java.lang.Thread.run(Thread.java:745)

2017/06/01 16:09:33 ERROR - jmeter.visualizers.JSR223Listener: Problem in JSR223 script JSR223 Listener javax.script.ScriptException: Both script file and script text are empty for element:JSR223 Listener
	at org.apache.jmeter.util.JSR223TestElement.processFileOrScript(JSR223TestElement.java:223)
	at org.apache.jmeter.visualizers.JSR223Listener.sampleOccurred(JSR223Listener.java:50)
	at org.apache.jmeter.threads.ListenerNotifier.notifyListeners(ListenerNotifier.java:67)
	at org.apache.jmeter.threads.JMeterThread.notifyListeners(JMeterThread.java:852)
	at org.apache.jmeter.threads.JMeterThread.executeSamplePackage(JMeterThread.java:505)
	at org.apache.jmeter.threads.JMeterThread.processSampler(JMeterThread.java:418)
	at org.apache.jmeter.threads.JMeterThread.run(JMeterThread.java:249)
	at java.lang.Thread.run(Thread.java:745)

2017/06/01 16:09:33 ERROR - jmeter.visualizers.JSR223Listener: Problem in JSR223 script JSR223 Listener javax.script.ScriptException: Both script file and script text are empty for element:JSR223 Listener
	at org.apache.jmeter.util.JSR223TestElement.processFileOrScript(JSR223TestElement.java:223)
	at org.apache.jmeter.visualizers.JSR223Listener.sampleOccurred(JSR223Listener.java:50)
	at org.apache.jmeter.threads.ListenerNotifier.notifyListeners(ListenerNotifier.java:67)
	at org.apache.jmeter.threads.JMeterThread.notifyListeners(JMeterThread.java:852)
	at org.apache.jmeter.threads.JMeterThread.executeSamplePackage(JMeterThread.java:505)
	at org.apache.jmeter.threads.JMeterThread.processSampler(JMeterThread.java:418)
	at org.apache.jmeter.threads.JMeterThread.run(JMeterThread.java:249)
	at java.lang.Thread.run(Thread.java:745)

2017/06/01 16:09:33 ERROR - jmeter.visualizers.JSR223Listener: Problem in JSR223 script JSR223 Listener javax.script.ScriptException: Both script file and script text are empty for element:JSR223 Listener
	at org.apache.jmeter.util.JSR223TestElement.processFileOrScript(JSR223TestElement.java:223)
	at org.apache.jmeter.visualizers.JSR223Listener.sampleOccurred(JSR223Listener.java:50)
	at org.apache.jmeter.threads.ListenerNotifier.notifyListeners(ListenerNotifier.java:67)
	at org.apache.jmeter.threads.JMeterThread.notifyListeners(JMeterThread.java:852)
	at org.apache.jmeter.threads.JMeterThread.executeSamplePackage(JMeterThread.java:505)
	at org.apache.jmeter.threads.JMeterThread.processSampler(JMeterThread.java:418)
	at org.apache.jmeter.threads.JMeterThread.run(JMeterThread.java:249)
	at java.lang.Thread.run(Thread.java:745)

2017/06/01 16:09:33 INFO  - jmeter.threads.JMeterThread: Thread started: Thread Group 1-11 
2017/06/01 16:09:33 ERROR - jmeter.visualizers.JSR223Listener: Problem in JSR223 script JSR223 Listener javax.script.ScriptException: Both script file and script text are empty for element:JSR223 Listener
	at org.apache.jmeter.util.JSR223TestElement.processFileOrScript(JSR223TestElement.java:223)
	at org.apache.jmeter.visualizers.JSR223Listener.sampleOccurred(JSR223Listener.java:50)
	at org.apache.jmeter.threads.ListenerNotifier.notifyListeners(ListenerNotifier.java:67)
	at org.apache.jmeter.threads.JMeterThread.notifyListeners(JMeterThread.java:852)
	at org.apache.jmeter.threads.JMeterThread.executeSamplePackage(JMeterThread.java:505)
	at org.apache.jmeter.threads.JMeterThread.processSampler(JMeterThread.java:418)
	at org.apache.jmeter.threads.JMeterThread.run(JMeterThread.java:249)
	at java.lang.Thread.run(Thread.java:745)

2017/06/01 16:09:34 ERROR - jmeter.visualizers.JSR223Listener: Problem in JSR223 script JSR223 Listener javax.script.ScriptException: Both script file and script text are empty for element:JSR223 Listener
	at org.apache.jmeter.util.JSR223TestElement.processFileOrScript(JSR223TestElement.java:223)
	at org.apache.jmeter.visualizers.JSR223Listener.sampleOccurred(JSR223Listener.java:50)
	at org.apache.jmeter.threads.ListenerNotifier.notifyListeners(ListenerNotifier.java:67)
	at org.apache.jmeter.threads.JMeterThread.notifyListeners(JMeterThread.java:852)
	at org.apache.jmeter.threads.JMeterThread.executeSamplePackage(JMeterThread.java:505)
	at org.apache.jmeter.threads.JMeterThread.processSampler(JMeterThread.java:418)
	at org.apache.jmeter.threads.JMeterThread.run(JMeterThread.java:249)
	at java.lang.Thread.run(Thread.java:745)

2017/06/01 16:09:34 INFO  - jmeter.threads.JMeterThread: Thread started: Thread Group 1-12 
2017/06/01 16:09:35 ERROR - jmeter.visualizers.JSR223Listener: Problem in JSR223 script JSR223 Listener javax.script.ScriptException: Both script file and script text are empty for element:JSR223 Listener
	at org.apache.jmeter.util.JSR223TestElement.processFileOrScript(JSR223TestElement.java:223)
	at org.apache.jmeter.visualizers.JSR223Listener.sampleOccurred(JSR223Listener.java:50)
	at org.apache.jmeter.threads.ListenerNotifier.notifyListeners(ListenerNotifier.java:67)
	at org.apache.jmeter.threads.JMeterThread.notifyListeners(JMeterThread.java:852)
	at org.apache.jmeter.threads.JMeterThread.executeSamplePackage(JMeterThread.java:505)
	at org.apache.jmeter.threads.JMeterThread.processSampler(JMeterThread.java:418)
	at org.apache.jmeter.threads.JMeterThread.run(JMeterThread.java:249)
	at java.lang.Thread.run(Thread.java:745)

2017/06/01 16:09:35 ERROR - jmeter.visualizers.JSR223Listener: Problem in JSR223 script JSR223 Listener javax.script.ScriptException: Both script file and script text are empty for element:JSR223 Listener
	at org.apache.jmeter.util.JSR223TestElement.processFileOrScript(JSR223TestElement.java:223)
	at org.apache.jmeter.visualizers.JSR223Listener.sampleOccurred(JSR223Listener.java:50)
	at org.apache.jmeter.threads.ListenerNotifier.notifyListeners(ListenerNotifier.java:67)
	at org.apache.jmeter.threads.JMeterThread.notifyListeners(JMeterThread.java:852)
	at org.apache.jmeter.threads.JMeterThread.executeSamplePackage(JMeterThread.java:505)
	at org.apache.jmeter.threads.JMeterThread.processSampler(JMeterThread.java:418)
	at org.apache.jmeter.threads.JMeterThread.run(JMeterThread.java:249)
	at java.lang.Thread.run(Thread.java:745)

2017/06/01 16:09:35 INFO  - jmeter.threads.JMeterThread: Thread started: Thread Group 1-13 
2017/06/01 16:09:36 ERROR - jmeter.visualizers.JSR223Listener: Problem in JSR223 script JSR223 Listener javax.script.ScriptException: Both script file and script text are empty for element:JSR223 Listener
	at org.apache.jmeter.util.JSR223TestElement.processFileOrScript(JSR223TestElement.java:223)
	at org.apache.jmeter.visualizers.JSR223Listener.sampleOccurred(JSR223Listener.java:50)
	at org.apache.jmeter.threads.ListenerNotifier.notifyListeners(ListenerNotifier.java:67)
	at org.apache.jmeter.threads.JMeterThread.notifyListeners(JMeterThread.java:852)
	at org.apache.jmeter.threads.JMeterThread.executeSamplePackage(JMeterThread.java:505)
	at org.apache.jmeter.threads.JMeterThread.processSampler(JMeterThread.java:418)
	at org.apache.jmeter.threads.JMeterThread.run(JMeterThread.java:249)
	at java.lang.Thread.run(Thread.java:745)

2017/06/01 16:09:36 ERROR - jmeter.visualizers.JSR223Listener: Problem in JSR223 script JSR223 Listener javax.script.ScriptException: Both script file and script text are empty for element:JSR223 Listener
	at org.apache.jmeter.util.JSR223TestElement.processFileOrScript(JSR223TestElement.java:223)
	at org.apache.jmeter.visualizers.JSR223Listener.sampleOccurred(JSR223Listener.java:50)
	at org.apache.jmeter.threads.ListenerNotifier.notifyListeners(ListenerNotifier.java:67)
	at org.apache.jmeter.threads.JMeterThread.notifyListeners(JMeterThread.java:852)
	at org.apache.jmeter.threads.JMeterThread.executeSamplePackage(JMeterThread.java:505)
	at org.apache.jmeter.threads.JMeterThread.processSampler(JMeterThread.java:418)
	at org.apache.jmeter.threads.JMeterThread.run(JMeterThread.java:249)
	at java.lang.Thread.run(Thread.java:745)

2017/06/01 16:09:36 INFO  - jmeter.threads.JMeterThread: Thread started: Thread Group 1-14 
2017/06/01 16:09:36 ERROR - jmeter.visualizers.JSR223Listener: Problem in JSR223 script JSR223 Listener javax.script.ScriptException: Both script file and script text are empty for element:JSR223 Listener
	at org.apache.jmeter.util.JSR223TestElement.processFileOrScript(JSR223TestElement.java:223)
	at org.apache.jmeter.visualizers.JSR223Listener.sampleOccurred(JSR223Listener.java:50)
	at org.apache.jmeter.threads.ListenerNotifier.notifyListeners(ListenerNotifier.java:67)
	at org.apache.jmeter.threads.JMeterThread.notifyListeners(JMeterThread.java:852)
	at org.apache.jmeter.threads.JMeterThread.executeSamplePackage(JMeterThread.java:505)
	at org.apache.jmeter.threads.JMeterThread.processSampler(JMeterThread.java:418)
	at org.apache.jmeter.threads.JMeterThread.run(JMeterThread.java:249)
	at java.lang.Thread.run(Thread.java:745)

2017/06/01 16:09:37 ERROR - jmeter.visualizers.JSR223Listener: Problem in JSR223 script JSR223 Listener javax.script.ScriptException: Both script file and script text are empty for element:JSR223 Listener
	at org.apache.jmeter.util.JSR223TestElement.processFileOrScript(JSR223TestElement.java:223)
	at org.apache.jmeter.visualizers.JSR223Listener.sampleOccurred(JSR223Listener.java:50)
	at org.apache.jmeter.threads.ListenerNotifier.notifyListeners(ListenerNotifier.java:67)
	at org.apache.jmeter.threads.JMeterThread.notifyListeners(JMeterThread.java:852)
	at org.apache.jmeter.threads.JMeterThread.executeSamplePackage(JMeterThread.java:505)
	at org.apache.jmeter.threads.JMeterThread.processSampler(JMeterThread.java:418)
	at org.apache.jmeter.threads.JMeterThread.run(JMeterThread.java:249)
	at java.lang.Thread.run(Thread.java:745)

2017/06/01 16:09:37 INFO  - jmeter.threads.JMeterThread: Thread started: Thread Group 1-15 
2017/06/01 16:09:37 ERROR - jmeter.visualizers.JSR223Listener: Problem in JSR223 script JSR223 Listener javax.script.ScriptException: Both script file and script text are empty for element:JSR223 Listener
	at org.apache.jmeter.util.JSR223TestElement.processFileOrScript(JSR223TestElement.java:223)
	at org.apache.jmeter.visualizers.JSR223Listener.sampleOccurred(JSR223Listener.java:50)
	at org.apache.jmeter.threads.ListenerNotifier.notifyListeners(ListenerNotifier.java:67)
	at org.apache.jmeter.threads.JMeterThread.notifyListeners(JMeterThread.java:852)
	at org.apache.jmeter.threads.JMeterThread.executeSamplePackage(JMeterThread.java:505)
	at org.apache.jmeter.threads.JMeterThread.processSampler(JMeterThread.java:418)
	at org.apache.jmeter.threads.JMeterThread.run(JMeterThread.java:249)
	at java.lang.Thread.run(Thread.java:745)

2017/06/01 16:09:38 ERROR - jmeter.visualizers.JSR223Listener: Problem in JSR223 script JSR223 Listener javax.script.ScriptException: Both script file and script text are empty for element:JSR223 Listener
	at org.apache.jmeter.util.JSR223TestElement.processFileOrScript(JSR223TestElement.java:223)
	at org.apache.jmeter.visualizers.JSR223Listener.sampleOccurred(JSR223Listener.java:50)
	at org.apache.jmeter.threads.ListenerNotifier.notifyListeners(ListenerNotifier.java:67)
	at org.apache.jmeter.threads.JMeterThread.notifyListeners(JMeterThread.java:852)
	at org.apache.jmeter.threads.JMeterThread.executeSamplePackage(JMeterThread.java:505)
	at org.apache.jmeter.threads.JMeterThread.processSampler(JMeterThread.java:418)
	at org.apache.jmeter.threads.JMeterThread.run(JMeterThread.java:249)
	at java.lang.Thread.run(Thread.java:745)

2017/06/01 16:09:38 INFO  - jmeter.threads.JMeterThread: Thread started: Thread Group 1-16 
2017/06/01 16:09:38 ERROR - jmeter.visualizers.JSR223Listener: Problem in JSR223 script JSR223 Listener javax.script.ScriptException: Both script file and script text are empty for element:JSR223 Listener
	at org.apache.jmeter.util.JSR223TestElement.processFileOrScript(JSR223TestElement.java:223)
	at org.apache.jmeter.visualizers.JSR223Listener.sampleOccurred(JSR223Listener.java:50)
	at org.apache.jmeter.threads.ListenerNotifier.notifyListeners(ListenerNotifier.java:67)
	at org.apache.jmeter.threads.JMeterThread.notifyListeners(JMeterThread.java:852)
	at org.apache.jmeter.threads.JMeterThread.executeSamplePackage(JMeterThread.java:505)
	at org.apache.jmeter.threads.JMeterThread.processSampler(JMeterThread.java:418)
	at org.apache.jmeter.threads.JMeterThread.run(JMeterThread.java:249)
	at java.lang.Thread.run(Thread.java:745)

2017/06/01 16:09:38 ERROR - jmeter.visualizers.JSR223Listener: Problem in JSR223 script JSR223 Listener javax.script.ScriptException: Both script file and script text are empty for element:JSR223 Listener
	at org.apache.jmeter.util.JSR223TestElement.processFileOrScript(JSR223TestElement.java:223)
	at org.apache.jmeter.visualizers.JSR223Listener.sampleOccurred(JSR223Listener.java:50)
	at org.apache.jmeter.threads.ListenerNotifier.notifyListeners(ListenerNotifier.java:67)
	at org.apache.jmeter.threads.JMeterThread.notifyListeners(JMeterThread.java:852)
	at org.apache.jmeter.threads.JMeterThread.executeSamplePackage(JMeterThread.java:505)
	at org.apache.jmeter.threads.JMeterThread.processSampler(JMeterThread.java:418)
	at org.apache.jmeter.threads.JMeterThread.run(JMeterThread.java:249)
	at java.lang.Thread.run(Thread.java:745)

2017/06/01 16:09:38 ERROR - jmeter.visualizers.JSR223Listener: Problem in JSR223 script JSR223 Listener javax.script.ScriptException: Both script file and script text are empty for element:JSR223 Listener
	at org.apache.jmeter.util.JSR223TestElement.processFileOrScript(JSR223TestElement.java:223)
	at org.apache.jmeter.visualizers.JSR223Listener.sampleOccurred(JSR223Listener.java:50)
	at org.apache.jmeter.threads.ListenerNotifier.notifyListeners(ListenerNotifier.java:67)
	at org.apache.jmeter.threads.JMeterThread.notifyListeners(JMeterThread.java:852)
	at org.apache.jmeter.threads.JMeterThread.executeSamplePackage(JMeterThread.java:505)
	at org.apache.jmeter.threads.JMeterThread.processSampler(JMeterThread.java:418)
	at org.apache.jmeter.threads.JMeterThread.run(JMeterThread.java:249)
	at java.lang.Thread.run(Thread.java:745)

2017/06/01 16:09:39 ERROR - jmeter.visualizers.JSR223Listener: Problem in JSR223 script JSR223 Listener javax.script.ScriptException: Both script file and script text are empty for element:JSR223 Listener
	at org.apache.jmeter.util.JSR223TestElement.processFileOrScript(JSR223TestElement.java:223)
	at org.apache.jmeter.visualizers.JSR223Listener.sampleOccurred(JSR223Listener.java:50)
	at org.apache.jmeter.threads.ListenerNotifier.notifyListeners(ListenerNotifier.java:67)
	at org.apache.jmeter.threads.JMeterThread.notifyListeners(JMeterThread.java:852)
	at org.apache.jmeter.threads.JMeterThread.executeSamplePackage(JMeterThread.java:505)
	at org.apache.jmeter.threads.JMeterThread.processSampler(JMeterThread.java:418)
	at org.apache.jmeter.threads.JMeterThread.run(JMeterThread.java:249)
	at java.lang.Thread.run(Thread.java:745)

2017/06/01 16:09:39 ERROR - jmeter.visualizers.JSR223Listener: Problem in JSR223 script JSR223 Listener javax.script.ScriptException: Both script file and script text are empty for element:JSR223 Listener
	at org.apache.jmeter.util.JSR223TestElement.processFileOrScript(JSR223TestElement.java:223)
	at org.apache.jmeter.visualizers.JSR223Listener.sampleOccurred(JSR223Listener.java:50)
	at org.apache.jmeter.threads.ListenerNotifier.notifyListeners(ListenerNotifier.java:67)
	at org.apache.jmeter.threads.JMeterThread.notifyListeners(JMeterThread.java:852)
	at org.apache.jmeter.threads.JMeterThread.executeSamplePackage(JMeterThread.java:505)
	at org.apache.jmeter.threads.JMeterThread.processSampler(JMeterThread.java:418)
	at org.apache.jmeter.threads.JMeterThread.run(JMeterThread.java:249)
	at java.lang.Thread.run(Thread.java:745)

2017/06/01 16:09:39 ERROR - jmeter.visualizers.JSR223Listener: Problem in JSR223 script JSR223 Listener javax.script.ScriptException: Both script file and script text are empty for element:JSR223 Listener
	at org.apache.jmeter.util.JSR223TestElement.processFileOrScript(JSR223TestElement.java:223)
	at org.apache.jmeter.visualizers.JSR223Listener.sampleOccurred(JSR223Listener.java:50)
	at org.apache.jmeter.threads.ListenerNotifier.notifyListeners(ListenerNotifier.java:67)
	at org.apache.jmeter.threads.JMeterThread.notifyListeners(JMeterThread.java:852)
	at org.apache.jmeter.threads.JMeterThread.executeSamplePackage(JMeterThread.java:505)
	at org.apache.jmeter.threads.JMeterThread.processSampler(JMeterThread.java:418)
	at org.apache.jmeter.threads.JMeterThread.run(JMeterThread.java:249)
	at java.lang.Thread.run(Thread.java:745)

2017/06/01 16:09:39 INFO  - jmeter.threads.JMeterThread: Thread started: Thread Group 1-17 
2017/06/01 16:09:39 ERROR - jmeter.visualizers.JSR223Listener: Problem in JSR223 script JSR223 Listener javax.script.ScriptException: Both script file and script text are empty for element:JSR223 Listener
	at org.apache.jmeter.util.JSR223TestElement.processFileOrScript(JSR223TestElement.java:223)
	at org.apache.jmeter.visualizers.JSR223Listener.sampleOccurred(JSR223Listener.java:50)
	at org.apache.jmeter.threads.ListenerNotifier.notifyListeners(ListenerNotifier.java:67)
	at org.apache.jmeter.threads.JMeterThread.notifyListeners(JMeterThread.java:852)
	at org.apache.jmeter.threads.JMeterThread.executeSamplePackage(JMeterThread.java:505)
	at org.apache.jmeter.threads.JMeterThread.processSampler(JMeterThread.java:418)
	at org.apache.jmeter.threads.JMeterThread.run(JMeterThread.java:249)
	at java.lang.Thread.run(Thread.java:745)

2017/06/01 16:09:40 ERROR - jmeter.visualizers.JSR223Listener: Problem in JSR223 script JSR223 Listener javax.script.ScriptException: Both script file and script text are empty for element:JSR223 Listener
	at org.apache.jmeter.util.JSR223TestElement.processFileOrScript(JSR223TestElement.java:223)
	at org.apache.jmeter.visualizers.JSR223Listener.sampleOccurred(JSR223Listener.java:50)
	at org.apache.jmeter.threads.ListenerNotifier.notifyListeners(ListenerNotifier.java:67)
	at org.apache.jmeter.threads.JMeterThread.notifyListeners(JMeterThread.java:852)
	at org.apache.jmeter.threads.JMeterThread.executeSamplePackage(JMeterThread.java:505)
	at org.apache.jmeter.threads.JMeterThread.processSampler(JMeterThread.java:418)
	at org.apache.jmeter.threads.JMeterThread.run(JMeterThread.java:249)
	at java.lang.Thread.run(Thread.java:745)

2017/06/01 16:09:40 ERROR - jmeter.visualizers.JSR223Listener: Problem in JSR223 script JSR223 Listener javax.script.ScriptException: Both script file and script text are empty for element:JSR223 Listener
	at org.apache.jmeter.util.JSR223TestElement.processFileOrScript(JSR223TestElement.java:223)
	at org.apache.jmeter.visualizers.JSR223Listener.sampleOccurred(JSR223Listener.java:50)
	at org.apache.jmeter.threads.ListenerNotifier.notifyListeners(ListenerNotifier.java:67)
	at org.apache.jmeter.threads.JMeterThread.notifyListeners(JMeterThread.java:852)
	at org.apache.jmeter.threads.JMeterThread.executeSamplePackage(JMeterThread.java:505)
	at org.apache.jmeter.threads.JMeterThread.processSampler(JMeterThread.java:418)
	at org.apache.jmeter.threads.JMeterThread.run(JMeterThread.java:249)
	at java.lang.Thread.run(Thread.java:745)

2017/06/01 16:09:40 ERROR - jmeter.visualizers.JSR223Listener: Problem in JSR223 script JSR223 Listener javax.script.ScriptException: Both script file and script text are empty for element:JSR223 Listener
	at org.apache.jmeter.util.JSR223TestElement.processFileOrScript(JSR223TestElement.java:223)
	at org.apache.jmeter.visualizers.JSR223Listener.sampleOccurred(JSR223Listener.java:50)
	at org.apache.jmeter.threads.ListenerNotifier.notifyListeners(ListenerNotifier.java:67)
	at org.apache.jmeter.threads.JMeterThread.notifyListeners(JMeterThread.java:852)
	at org.apache.jmeter.threads.JMeterThread.executeSamplePackage(JMeterThread.java:505)
	at org.apache.jmeter.threads.JMeterThread.processSampler(JMeterThread.java:418)
	at org.apache.jmeter.threads.JMeterThread.run(JMeterThread.java:249)
	at java.lang.Thread.run(Thread.java:745)

2017/06/01 16:09:40 INFO  - jmeter.threads.JMeterThread: Thread started: Thread Group 1-18 
2017/06/01 16:09:40 ERROR - jmeter.visualizers.JSR223Listener: Problem in JSR223 script JSR223 Listener javax.script.ScriptException: Both script file and script text are empty for element:JSR223 Listener
	at org.apache.jmeter.util.JSR223TestElement.processFileOrScript(JSR223TestElement.java:223)
	at org.apache.jmeter.visualizers.JSR223Listener.sampleOccurred(JSR223Listener.java:50)
	at org.apache.jmeter.threads.ListenerNotifier.notifyListeners(ListenerNotifier.java:67)
	at org.apache.jmeter.threads.JMeterThread.notifyListeners(JMeterThread.java:852)
	at org.apache.jmeter.threads.JMeterThread.executeSamplePackage(JMeterThread.java:505)
	at org.apache.jmeter.threads.JMeterThread.processSampler(JMeterThread.java:418)
	at org.apache.jmeter.threads.JMeterThread.run(JMeterThread.java:249)
	at java.lang.Thread.run(Thread.java:745)

2017/06/01 16:09:41 ERROR - jmeter.visualizers.JSR223Listener: Problem in JSR223 script JSR223 Listener javax.script.ScriptException: Both script file and script text are empty for element:JSR223 Listener
	at org.apache.jmeter.util.JSR223TestElement.processFileOrScript(JSR223TestElement.java:223)
	at org.apache.jmeter.visualizers.JSR223Listener.sampleOccurred(JSR223Listener.java:50)
	at org.apache.jmeter.threads.ListenerNotifier.notifyListeners(ListenerNotifier.java:67)
	at org.apache.jmeter.threads.JMeterThread.notifyListeners(JMeterThread.java:852)
	at org.apache.jmeter.threads.JMeterThread.executeSamplePackage(JMeterThread.java:505)
	at org.apache.jmeter.threads.JMeterThread.processSampler(JMeterThread.java:418)
	at org.apache.jmeter.threads.JMeterThread.run(JMeterThread.java:249)
	at java.lang.Thread.run(Thread.java:745)

2017/06/01 16:09:41 ERROR - jmeter.visualizers.JSR223Listener: Problem in JSR223 script JSR223 Listener javax.script.ScriptException: Both script file and script text are empty for element:JSR223 Listener
	at org.apache.jmeter.util.JSR223TestElement.processFileOrScript(JSR223TestElement.java:223)
	at org.apache.jmeter.visualizers.JSR223Listener.sampleOccurred(JSR223Listener.java:50)
	at org.apache.jmeter.threads.ListenerNotifier.notifyListeners(ListenerNotifier.java:67)
	at org.apache.jmeter.threads.JMeterThread.notifyListeners(JMeterThread.java:852)
	at org.apache.jmeter.threads.JMeterThread.executeSamplePackage(JMeterThread.java:505)
	at org.apache.jmeter.threads.JMeterThread.processSampler(JMeterThread.java:418)
	at org.apache.jmeter.threads.JMeterThread.run(JMeterThread.java:249)
	at java.lang.Thread.run(Thread.java:745)

2017/06/01 16:09:41 ERROR - jmeter.visualizers.JSR223Listener: Problem in JSR223 script JSR223 Listener javax.script.ScriptException: Both script file and script text are empty for element:JSR223 Listener
	at org.apache.jmeter.util.JSR223TestElement.processFileOrScript(JSR223TestElement.java:223)
	at org.apache.jmeter.visualizers.JSR223Listener.sampleOccurred(JSR223Listener.java:50)
	at org.apache.jmeter.threads.ListenerNotifier.notifyListeners(ListenerNotifier.java:67)
	at org.apache.jmeter.threads.JMeterThread.notifyListeners(JMeterThread.java:852)
	at org.apache.jmeter.threads.JMeterThread.executeSamplePackage(JMeterThread.java:505)
	at org.apache.jmeter.threads.JMeterThread.processSampler(JMeterThread.java:418)
	at org.apache.jmeter.threads.JMeterThread.run(JMeterThread.java:249)
	at java.lang.Thread.run(Thread.java:745)

2017/06/01 16:09:41 ERROR - jmeter.visualizers.JSR223Listener: Problem in JSR223 script JSR223 Listener javax.script.ScriptException: Both script file and script text are empty for element:JSR223 Listener
	at org.apache.jmeter.util.JSR223TestElement.processFileOrScript(JSR223TestElement.java:223)
	at org.apache.jmeter.visualizers.JSR223Listener.sampleOccurred(JSR223Listener.java:50)
	at org.apache.jmeter.threads.ListenerNotifier.notifyListeners(ListenerNotifier.java:67)
	at org.apache.jmeter.threads.JMeterThread.notifyListeners(JMeterThread.java:852)
	at org.apache.jmeter.threads.JMeterThread.executeSamplePackage(JMeterThread.java:505)
	at org.apache.jmeter.threads.JMeterThread.processSampler(JMeterThread.java:418)
	at org.apache.jmeter.threads.JMeterThread.run(JMeterThread.java:249)
	at java.lang.Thread.run(Thread.java:745)

2017/06/01 16:09:41 ERROR - jmeter.visualizers.JSR223Listener: Problem in JSR223 script JSR223 Listener javax.script.ScriptException: Both script file and script text are empty for element:JSR223 Listener
	at org.apache.jmeter.util.JSR223TestElement.processFileOrScript(JSR223TestElement.java:223)
	at org.apache.jmeter.visualizers.JSR223Listener.sampleOccurred(JSR223Listener.java:50)
	at org.apache.jmeter.threads.ListenerNotifier.notifyListeners(ListenerNotifier.java:67)
	at org.apache.jmeter.threads.JMeterThread.notifyListeners(JMeterThread.java:852)
	at org.apache.jmeter.threads.JMeterThread.executeSamplePackage(JMeterThread.java:505)
	at org.apache.jmeter.threads.JMeterThread.processSampler(JMeterThread.java:418)
	at org.apache.jmeter.threads.JMeterThread.run(JMeterThread.java:249)
	at java.lang.Thread.run(Thread.java:745)

2017/06/01 16:09:41 ERROR - jmeter.visualizers.JSR223Listener: Problem in JSR223 script JSR223 Listener javax.script.ScriptException: Both script file and script text are empty for element:JSR223 Listener
	at org.apache.jmeter.util.JSR223TestElement.processFileOrScript(JSR223TestElement.java:223)
	at org.apache.jmeter.visualizers.JSR223Listener.sampleOccurred(JSR223Listener.java:50)
	at org.apache.jmeter.threads.ListenerNotifier.notifyListeners(ListenerNotifier.java:67)
	at org.apache.jmeter.threads.JMeterThread.notifyListeners(JMeterThread.java:852)
	at org.apache.jmeter.threads.JMeterThread.executeSamplePackage(JMeterThread.java:505)
	at org.apache.jmeter.threads.JMeterThread.processSampler(JMeterThread.java:418)
	at org.apache.jmeter.threads.JMeterThread.run(JMeterThread.java:249)
	at java.lang.Thread.run(Thread.java:745)

2017/06/01 16:09:41 ERROR - jmeter.visualizers.JSR223Listener: Problem in JSR223 script JSR223 Listener javax.script.ScriptException: Both script file and script text are empty for element:JSR223 Listener
	at org.apache.jmeter.util.JSR223TestElement.processFileOrScript(JSR223TestElement.java:223)
	at org.apache.jmeter.visualizers.JSR223Listener.sampleOccurred(JSR223Listener.java:50)
	at org.apache.jmeter.threads.ListenerNotifier.notifyListeners(ListenerNotifier.java:67)
	at org.apache.jmeter.threads.JMeterThread.notifyListeners(JMeterThread.java:852)
	at org.apache.jmeter.threads.JMeterThread.executeSamplePackage(JMeterThread.java:505)
	at org.apache.jmeter.threads.JMeterThread.processSampler(JMeterThread.java:418)
	at org.apache.jmeter.threads.JMeterThread.run(JMeterThread.java:249)
	at java.lang.Thread.run(Thread.java:745)

2017/06/01 16:09:41 INFO  - jmeter.threads.JMeterThread: Thread started: Thread Group 1-19 
2017/06/01 16:09:42 ERROR - jmeter.visualizers.JSR223Listener: Problem in JSR223 script JSR223 Listener javax.script.ScriptException: Both script file and script text are empty for element:JSR223 Listener
	at org.apache.jmeter.util.JSR223TestElement.processFileOrScript(JSR223TestElement.java:223)
	at org.apache.jmeter.visualizers.JSR223Listener.sampleOccurred(JSR223Listener.java:50)
	at org.apache.jmeter.threads.ListenerNotifier.notifyListeners(ListenerNotifier.java:67)
	at org.apache.jmeter.threads.JMeterThread.notifyListeners(JMeterThread.java:852)
	at org.apache.jmeter.threads.JMeterThread.executeSamplePackage(JMeterThread.java:505)
	at org.apache.jmeter.threads.JMeterThread.processSampler(JMeterThread.java:418)
	at org.apache.jmeter.threads.JMeterThread.run(JMeterThread.java:249)
	at java.lang.Thread.run(Thread.java:745)

2017/06/01 16:09:42 ERROR - jmeter.visualizers.JSR223Listener: Problem in JSR223 script JSR223 Listener javax.script.ScriptException: Both script file and script text are empty for element:JSR223 Listener
	at org.apache.jmeter.util.JSR223TestElement.processFileOrScript(JSR223TestElement.java:223)
	at org.apache.jmeter.visualizers.JSR223Listener.sampleOccurred(JSR223Listener.java:50)
	at org.apache.jmeter.threads.ListenerNotifier.notifyListeners(ListenerNotifier.java:67)
	at org.apache.jmeter.threads.JMeterThread.notifyListeners(JMeterThread.java:852)
	at org.apache.jmeter.threads.JMeterThread.executeSamplePackage(JMeterThread.java:505)
	at org.apache.jmeter.threads.JMeterThread.processSampler(JMeterThread.java:418)
	at org.apache.jmeter.threads.JMeterThread.run(JMeterThread.java:249)
	at java.lang.Thread.run(Thread.java:745)

2017/06/01 16:09:42 ERROR - jmeter.visualizers.JSR223Listener: Problem in JSR223 script JSR223 Listener javax.script.ScriptException: Both script file and script text are empty for element:JSR223 Listener
	at org.apache.jmeter.util.JSR223TestElement.processFileOrScript(JSR223TestElement.java:223)
	at org.apache.jmeter.visualizers.JSR223Listener.sampleOccurred(JSR223Listener.java:50)
	at org.apache.jmeter.threads.ListenerNotifier.notifyListeners(ListenerNotifier.java:67)
	at org.apache.jmeter.threads.JMeterThread.notifyListeners(JMeterThread.java:852)
	at org.apache.jmeter.threads.JMeterThread.executeSamplePackage(JMeterThread.java:505)
	at org.apache.jmeter.threads.JMeterThread.processSampler(JMeterThread.java:418)
	at org.apache.jmeter.threads.JMeterThread.run(JMeterThread.java:249)
	at java.lang.Thread.run(Thread.java:745)

2017/06/01 16:09:42 ERROR - jmeter.visualizers.JSR223Listener: Problem in JSR223 script JSR223 Listener javax.script.ScriptException: Both script file and script text are empty for element:JSR223 Listener
	at org.apache.jmeter.util.JSR223TestElement.processFileOrScript(JSR223TestElement.java:223)
	at org.apache.jmeter.visualizers.JSR223Listener.sampleOccurred(JSR223Listener.java:50)
	at org.apache.jmeter.threads.ListenerNotifier.notifyListeners(ListenerNotifier.java:67)
	at org.apache.jmeter.threads.JMeterThread.notifyListeners(JMeterThread.java:852)
	at org.apache.jmeter.threads.JMeterThread.executeSamplePackage(JMeterThread.java:505)
	at org.apache.jmeter.threads.JMeterThread.processSampler(JMeterThread.java:418)
	at org.apache.jmeter.threads.JMeterThread.run(JMeterThread.java:249)
	at java.lang.Thread.run(Thread.java:745)

2017/06/01 16:09:42 INFO  - jmeter.threads.JMeterThread: Thread started: Thread Group 1-20 
2017/06/01 16:09:42 ERROR - jmeter.visualizers.JSR223Listener: Problem in JSR223 script JSR223 Listener javax.script.ScriptException: Both script file and script text are empty for element:JSR223 Listener
	at org.apache.jmeter.util.JSR223TestElement.processFileOrScript(JSR223TestElement.java:223)
	at org.apache.jmeter.visualizers.JSR223Listener.sampleOccurred(JSR223Listener.java:50)
	at org.apache.jmeter.threads.ListenerNotifier.notifyListeners(ListenerNotifier.java:67)
	at org.apache.jmeter.threads.JMeterThread.notifyListeners(JMeterThread.java:852)
	at org.apache.jmeter.threads.JMeterThread.executeSamplePackage(JMeterThread.java:505)
	at org.apache.jmeter.threads.JMeterThread.processSampler(JMeterThread.java:418)
	at org.apache.jmeter.threads.JMeterThread.run(JMeterThread.java:249)
	at java.lang.Thread.run(Thread.java:745)

2017/06/01 16:09:42 ERROR - jmeter.visualizers.JSR223Listener: Problem in JSR223 script JSR223 Listener javax.script.ScriptException: Both script file and script text are empty for element:JSR223 Listener
	at org.apache.jmeter.util.JSR223TestElement.processFileOrScript(JSR223TestElement.java:223)
	at org.apache.jmeter.visualizers.JSR223Listener.sampleOccurred(JSR223Listener.java:50)
	at org.apache.jmeter.threads.ListenerNotifier.notifyListeners(ListenerNotifier.java:67)
	at org.apache.jmeter.threads.JMeterThread.notifyListeners(JMeterThread.java:852)
	at org.apache.jmeter.threads.JMeterThread.executeSamplePackage(JMeterThread.java:505)
	at org.apache.jmeter.threads.JMeterThread.processSampler(JMeterThread.java:418)
	at org.apache.jmeter.threads.JMeterThread.run(JMeterThread.java:249)
	at java.lang.Thread.run(Thread.java:745)

2017/06/01 16:09:42 ERROR - jmeter.visualizers.JSR223Listener: Problem in JSR223 script JSR223 Listener javax.script.ScriptException: Both script file and script text are empty for element:JSR223 Listener
	at org.apache.jmeter.util.JSR223TestElement.processFileOrScript(JSR223TestElement.java:223)
	at org.apache.jmeter.visualizers.JSR223Listener.sampleOccurred(JSR223Listener.java:50)
	at org.apache.jmeter.threads.ListenerNotifier.notifyListeners(ListenerNotifier.java:67)
	at org.apache.jmeter.threads.JMeterThread.notifyListeners(JMeterThread.java:852)
	at org.apache.jmeter.threads.JMeterThread.executeSamplePackage(JMeterThread.java:505)
	at org.apache.jmeter.threads.JMeterThread.processSampler(JMeterThread.java:418)
	at org.apache.jmeter.threads.JMeterThread.run(JMeterThread.java:249)
	at java.lang.Thread.run(Thread.java:745)

2017/06/01 16:09:43 ERROR - jmeter.visualizers.JSR223Listener: Problem in JSR223 script JSR223 Listener javax.script.ScriptException: Both script file and script text are empty for element:JSR223 Listener
	at org.apache.jmeter.util.JSR223TestElement.processFileOrScript(JSR223TestElement.java:223)
	at org.apache.jmeter.visualizers.JSR223Listener.sampleOccurred(JSR223Listener.java:50)
	at org.apache.jmeter.threads.ListenerNotifier.notifyListeners(ListenerNotifier.java:67)
	at org.apache.jmeter.threads.JMeterThread.notifyListeners(JMeterThread.java:852)
	at org.apache.jmeter.threads.JMeterThread.executeSamplePackage(JMeterThread.java:505)
	at org.apache.jmeter.threads.JMeterThread.processSampler(JMeterThread.java:418)
	at org.apache.jmeter.threads.JMeterThread.run(JMeterThread.java:249)
	at java.lang.Thread.run(Thread.java:745)

2017/06/01 16:09:44 ERROR - jmeter.visualizers.JSR223Listener: Problem in JSR223 script JSR223 Listener javax.script.ScriptException: Both script file and script text are empty for element:JSR223 Listener
	at org.apache.jmeter.util.JSR223TestElement.processFileOrScript(JSR223TestElement.java:223)
	at org.apache.jmeter.visualizers.JSR223Listener.sampleOccurred(JSR223Listener.java:50)
	at org.apache.jmeter.threads.ListenerNotifier.notifyListeners(ListenerNotifier.java:67)
	at org.apache.jmeter.threads.JMeterThread.notifyListeners(JMeterThread.java:852)
	at org.apache.jmeter.threads.JMeterThread.executeSamplePackage(JMeterThread.java:505)
	at org.apache.jmeter.threads.JMeterThread.processSampler(JMeterThread.java:418)
	at org.apache.jmeter.threads.JMeterThread.run(JMeterThread.java:249)
	at java.lang.Thread.run(Thread.java:745)

2017/06/01 16:09:44 ERROR - jmeter.visualizers.JSR223Listener: Problem in JSR223 script JSR223 Listener javax.script.ScriptException: Both script file and script text are empty for element:JSR223 Listener
	at org.apache.jmeter.util.JSR223TestElement.processFileOrScript(JSR223TestElement.java:223)
	at org.apache.jmeter.visualizers.JSR223Listener.sampleOccurred(JSR223Listener.java:50)
	at org.apache.jmeter.threads.ListenerNotifier.notifyListeners(ListenerNotifier.java:67)
	at org.apache.jmeter.threads.JMeterThread.notifyListeners(JMeterThread.java:852)
	at org.apache.jmeter.threads.JMeterThread.executeSamplePackage(JMeterThread.java:505)
	at org.apache.jmeter.threads.JMeterThread.processSampler(JMeterThread.java:418)
	at org.apache.jmeter.threads.JMeterThread.run(JMeterThread.java:249)
	at java.lang.Thread.run(Thread.java:745)

2017/06/01 16:09:48 ERROR - jmeter.visualizers.JSR223Listener: Problem in JSR223 script JSR223 Listener javax.script.ScriptException: Both script file and script text are empty for element:JSR223 Listener
	at org.apache.jmeter.util.JSR223TestElement.processFileOrScript(JSR223TestElement.java:223)
	at org.apache.jmeter.visualizers.JSR223Listener.sampleOccurred(JSR223Listener.java:50)
	at org.apache.jmeter.threads.ListenerNotifier.notifyListeners(ListenerNotifier.java:67)
	at org.apache.jmeter.threads.JMeterThread.notifyListeners(JMeterThread.java:852)
	at org.apache.jmeter.threads.JMeterThread.executeSamplePackage(JMeterThread.java:505)
	at org.apache.jmeter.threads.JMeterThread.processSampler(JMeterThread.java:418)
	at org.apache.jmeter.threads.JMeterThread.run(JMeterThread.java:249)
	at java.lang.Thread.run(Thread.java:745)

2017/06/01 16:09:48 ERROR - jmeter.visualizers.JSR223Listener: Problem in JSR223 script JSR223 Listener javax.script.ScriptException: Both script file and script text are empty for element:JSR223 Listener
	at org.apache.jmeter.util.JSR223TestElement.processFileOrScript(JSR223TestElement.java:223)
	at org.apache.jmeter.visualizers.JSR223Listener.sampleOccurred(JSR223Listener.java:50)
	at org.apache.jmeter.threads.ListenerNotifier.notifyListeners(ListenerNotifier.java:67)
	at org.apache.jmeter.threads.JMeterThread.notifyListeners(JMeterThread.java:852)
	at org.apache.jmeter.threads.JMeterThread.executeSamplePackage(JMeterThread.java:505)
	at org.apache.jmeter.threads.JMeterThread.processSampler(JMeterThread.java:418)
	at org.apache.jmeter.threads.JMeterThread.run(JMeterThread.java:249)
	at java.lang.Thread.run(Thread.java:745)

2017/06/01 16:09:49 ERROR - jmeter.visualizers.JSR223Listener: Problem in JSR223 script JSR223 Listener javax.script.ScriptException: Both script file and script text are empty for element:JSR223 Listener
	at org.apache.jmeter.util.JSR223TestElement.processFileOrScript(JSR223TestElement.java:223)
	at org.apache.jmeter.visualizers.JSR223Listener.sampleOccurred(JSR223Listener.java:50)
	at org.apache.jmeter.threads.ListenerNotifier.notifyListeners(ListenerNotifier.java:67)
	at org.apache.jmeter.threads.JMeterThread.notifyListeners(JMeterThread.java:852)
	at org.apache.jmeter.threads.JMeterThread.executeSamplePackage(JMeterThread.java:505)
	at org.apache.jmeter.threads.JMeterThread.processSampler(JMeterThread.java:418)
	at org.apache.jmeter.threads.JMeterThread.run(JMeterThread.java:249)
	at java.lang.Thread.run(Thread.java:745)

2017/06/01 16:09:49 ERROR - jmeter.visualizers.JSR223Listener: Problem in JSR223 script JSR223 Listener javax.script.ScriptException: Both script file and script text are empty for element:JSR223 Listener
	at org.apache.jmeter.util.JSR223TestElement.processFileOrScript(JSR223TestElement.java:223)
	at org.apache.jmeter.visualizers.JSR223Listener.sampleOccurred(JSR223Listener.java:50)
	at org.apache.jmeter.threads.ListenerNotifier.notifyListeners(ListenerNotifier.java:67)
	at org.apache.jmeter.threads.JMeterThread.notifyListeners(JMeterThread.java:852)
	at org.apache.jmeter.threads.JMeterThread.executeSamplePackage(JMeterThread.java:505)
	at org.apache.jmeter.threads.JMeterThread.processSampler(JMeterThread.java:418)
	at org.apache.jmeter.threads.JMeterThread.run(JMeterThread.java:249)
	at java.lang.Thread.run(Thread.java:745)

2017/06/01 16:09:53 ERROR - jmeter.visualizers.JSR223Listener: Problem in JSR223 script JSR223 Listener javax.script.ScriptException: Both script file and script text are empty for element:JSR223 Listener
	at org.apache.jmeter.util.JSR223TestElement.processFileOrScript(JSR223TestElement.java:223)
	at org.apache.jmeter.visualizers.JSR223Listener.sampleOccurred(JSR223Listener.java:50)
	at org.apache.jmeter.threads.ListenerNotifier.notifyListeners(ListenerNotifier.java:67)
	at org.apache.jmeter.threads.JMeterThread.notifyListeners(JMeterThread.java:852)
	at org.apache.jmeter.threads.JMeterThread.executeSamplePackage(JMeterThread.java:505)
	at org.apache.jmeter.threads.JMeterThread.processSampler(JMeterThread.java:418)
	at org.apache.jmeter.threads.JMeterThread.run(JMeterThread.java:249)
	at java.lang.Thread.run(Thread.java:745)

2017/06/01 16:09:53 ERROR - jmeter.visualizers.JSR223Listener: Problem in JSR223 script JSR223 Listener javax.script.ScriptException: Both script file and script text are empty for element:JSR223 Listener
	at org.apache.jmeter.util.JSR223TestElement.processFileOrScript(JSR223TestElement.java:223)
	at org.apache.jmeter.visualizers.JSR223Listener.sampleOccurred(JSR223Listener.java:50)
	at org.apache.jmeter.threads.ListenerNotifier.notifyListeners(ListenerNotifier.java:67)
	at org.apache.jmeter.threads.JMeterThread.notifyListeners(JMeterThread.java:852)
	at org.apache.jmeter.threads.JMeterThread.executeSamplePackage(JMeterThread.java:505)
	at org.apache.jmeter.threads.JMeterThread.processSampler(JMeterThread.java:418)
	at org.apache.jmeter.threads.JMeterThread.run(JMeterThread.java:249)
	at java.lang.Thread.run(Thread.java:745)

2017/06/01 16:09:56 ERROR - jmeter.visualizers.JSR223Listener: Problem in JSR223 script JSR223 Listener javax.script.ScriptException: Both script file and script text are empty for element:JSR223 Listener
	at org.apache.jmeter.util.JSR223TestElement.processFileOrScript(JSR223TestElement.java:223)
	at org.apache.jmeter.visualizers.JSR223Listener.sampleOccurred(JSR223Listener.java:50)
	at org.apache.jmeter.threads.ListenerNotifier.notifyListeners(ListenerNotifier.java:67)
	at org.apache.jmeter.threads.JMeterThread.notifyListeners(JMeterThread.java:852)
	at org.apache.jmeter.threads.JMeterThread.executeSamplePackage(JMeterThread.java:505)
	at org.apache.jmeter.threads.JMeterThread.processSampler(JMeterThread.java:418)
	at org.apache.jmeter.threads.JMeterThread.run(JMeterThread.java:249)
	at java.lang.Thread.run(Thread.java:745)

2017/06/01 16:09:56 INFO  - jmeter.threads.JMeterThread: Thread is done: Thread Group 1-1 
2017/06/01 16:09:56 INFO  - jmeter.threads.JMeterThread: Thread finished: Thread Group 1-1 
2017/06/01 16:09:56 ERROR - jmeter.visualizers.JSR223Listener: Problem in JSR223 script JSR223 Listener javax.script.ScriptException: Both script file and script text are empty for element:JSR223 Listener
	at org.apache.jmeter.util.JSR223TestElement.processFileOrScript(JSR223TestElement.java:223)
	at org.apache.jmeter.visualizers.JSR223Listener.sampleOccurred(JSR223Listener.java:50)
	at org.apache.jmeter.threads.ListenerNotifier.notifyListeners(ListenerNotifier.java:67)
	at org.apache.jmeter.threads.JMeterThread.notifyListeners(JMeterThread.java:852)
	at org.apache.jmeter.threads.JMeterThread.executeSamplePackage(JMeterThread.java:505)
	at org.apache.jmeter.threads.JMeterThread.processSampler(JMeterThread.java:418)
	at org.apache.jmeter.threads.JMeterThread.run(JMeterThread.java:249)
	at java.lang.Thread.run(Thread.java:745)

2017/06/01 16:09:56 INFO  - jmeter.threads.JMeterThread: Thread is done: Thread Group 1-2 
2017/06/01 16:09:56 INFO  - jmeter.threads.JMeterThread: Thread finished: Thread Group 1-2 
2017/06/01 16:09:58 ERROR - jmeter.visualizers.JSR223Listener: Problem in JSR223 script JSR223 Listener javax.script.ScriptException: Both script file and script text are empty for element:JSR223 Listener
	at org.apache.jmeter.util.JSR223TestElement.processFileOrScript(JSR223TestElement.java:223)
	at org.apache.jmeter.visualizers.JSR223Listener.sampleOccurred(JSR223Listener.java:50)
	at org.apache.jmeter.threads.ListenerNotifier.notifyListeners(ListenerNotifier.java:67)
	at org.apache.jmeter.threads.JMeterThread.notifyListeners(JMeterThread.java:852)
	at org.apache.jmeter.threads.JMeterThread.executeSamplePackage(JMeterThread.java:505)
	at org.apache.jmeter.threads.JMeterThread.processSampler(JMeterThread.java:418)
	at org.apache.jmeter.threads.JMeterThread.run(JMeterThread.java:249)
	at java.lang.Thread.run(Thread.java:745)

2017/06/01 16:09:58 INFO  - jmeter.threads.JMeterThread: Thread is done: Thread Group 1-4 
2017/06/01 16:09:58 INFO  - jmeter.threads.JMeterThread: Thread finished: Thread Group 1-4 
2017/06/01 16:09:59 ERROR - jmeter.visualizers.JSR223Listener: Problem in JSR223 script JSR223 Listener javax.script.ScriptException: Both script file and script text are empty for element:JSR223 Listener
	at org.apache.jmeter.util.JSR223TestElement.processFileOrScript(JSR223TestElement.java:223)
	at org.apache.jmeter.visualizers.JSR223Listener.sampleOccurred(JSR223Listener.java:50)
	at org.apache.jmeter.threads.ListenerNotifier.notifyListeners(ListenerNotifier.java:67)
	at org.apache.jmeter.threads.JMeterThread.notifyListeners(JMeterThread.java:852)
	at org.apache.jmeter.threads.JMeterThread.executeSamplePackage(JMeterThread.java:505)
	at org.apache.jmeter.threads.JMeterThread.processSampler(JMeterThread.java:418)
	at org.apache.jmeter.threads.JMeterThread.run(JMeterThread.java:249)
	at java.lang.Thread.run(Thread.java:745)

2017/06/01 16:09:59 INFO  - jmeter.threads.JMeterThread: Thread is done: Thread Group 1-5 
2017/06/01 16:09:59 INFO  - jmeter.threads.JMeterThread: Thread finished: Thread Group 1-5 
2017/06/01 16:10:01 ERROR - jmeter.visualizers.JSR223Listener: Problem in JSR223 script JSR223 Listener javax.script.ScriptException: Both script file and script text are empty for element:JSR223 Listener
	at org.apache.jmeter.util.JSR223TestElement.processFileOrScript(JSR223TestElement.java:223)
	at org.apache.jmeter.visualizers.JSR223Listener.sampleOccurred(JSR223Listener.java:50)
	at org.apache.jmeter.threads.ListenerNotifier.notifyListeners(ListenerNotifier.java:67)
	at org.apache.jmeter.threads.JMeterThread.notifyListeners(JMeterThread.java:852)
	at org.apache.jmeter.threads.JMeterThread.executeSamplePackage(JMeterThread.java:505)
	at org.apache.jmeter.threads.JMeterThread.processSampler(JMeterThread.java:418)
	at org.apache.jmeter.threads.JMeterThread.run(JMeterThread.java:249)
	at java.lang.Thread.run(Thread.java:745)

2017/06/01 16:10:01 INFO  - jmeter.reporters.Summariser: summary +     64 in 00:00:31 =    2,1/s Avg:  3745 Min:     0 Max: 31082 Err:    16 (25,00%) Active: 16 Started: 20 Finished: 4 
2017/06/01 16:10:01 INFO  - jmeter.reporters.Summariser: summary =     85 in 00:00:38 =    2,3/s Avg:  2910 Min:     0 Max: 31082 Err:    20 (23,53%) 
2017/06/01 16:10:01 INFO  - jmeter.threads.JMeterThread: Thread is done: Thread Group 1-6 
2017/06/01 16:10:01 INFO  - jmeter.threads.JMeterThread: Thread finished: Thread Group 1-6 
2017/06/01 16:10:01 ERROR - jmeter.visualizers.JSR223Listener: Problem in JSR223 script JSR223 Listener javax.script.ScriptException: Both script file and script text are empty for element:JSR223 Listener
	at org.apache.jmeter.util.JSR223TestElement.processFileOrScript(JSR223TestElement.java:223)
	at org.apache.jmeter.visualizers.JSR223Listener.sampleOccurred(JSR223Listener.java:50)
	at org.apache.jmeter.threads.ListenerNotifier.notifyListeners(ListenerNotifier.java:67)
	at org.apache.jmeter.threads.JMeterThread.notifyListeners(JMeterThread.java:852)
	at org.apache.jmeter.threads.JMeterThread.executeSamplePackage(JMeterThread.java:505)
	at org.apache.jmeter.threads.JMeterThread.processSampler(JMeterThread.java:418)
	at org.apache.jmeter.threads.JMeterThread.run(JMeterThread.java:249)
	at java.lang.Thread.run(Thread.java:745)

2017/06/01 16:10:01 INFO  - jmeter.threads.JMeterThread: Thread is done: Thread Group 1-3 
2017/06/01 16:10:01 INFO  - jmeter.threads.JMeterThread: Thread finished: Thread Group 1-3 
2017/06/01 16:10:02 ERROR - jmeter.visualizers.JSR223Listener: Problem in JSR223 script JSR223 Listener javax.script.ScriptException: Both script file and script text are empty for element:JSR223 Listener
	at org.apache.jmeter.util.JSR223TestElement.processFileOrScript(JSR223TestElement.java:223)
	at org.apache.jmeter.visualizers.JSR223Listener.sampleOccurred(JSR223Listener.java:50)
	at org.apache.jmeter.threads.ListenerNotifier.notifyListeners(ListenerNotifier.java:67)
	at org.apache.jmeter.threads.JMeterThread.notifyListeners(JMeterThread.java:852)
	at org.apache.jmeter.threads.JMeterThread.executeSamplePackage(JMeterThread.java:505)
	at org.apache.jmeter.threads.JMeterThread.processSampler(JMeterThread.java:418)
	at org.apache.jmeter.threads.JMeterThread.run(JMeterThread.java:249)
	at java.lang.Thread.run(Thread.java:745)

2017/06/01 16:10:02 INFO  - jmeter.threads.JMeterThread: Thread is done: Thread Group 1-7 
2017/06/01 16:10:02 INFO  - jmeter.threads.JMeterThread: Thread finished: Thread Group 1-7 
2017/06/01 16:10:11 ERROR - jmeter.visualizers.JSR223Listener: Problem in JSR223 script JSR223 Listener javax.script.ScriptException: Both script file and script text are empty for element:JSR223 Listener
	at org.apache.jmeter.util.JSR223TestElement.processFileOrScript(JSR223TestElement.java:223)
	at org.apache.jmeter.visualizers.JSR223Listener.sampleOccurred(JSR223Listener.java:50)
	at org.apache.jmeter.threads.ListenerNotifier.notifyListeners(ListenerNotifier.java:67)
	at org.apache.jmeter.threads.JMeterThread.notifyListeners(JMeterThread.java:852)
	at org.apache.jmeter.threads.JMeterThread.executeSamplePackage(JMeterThread.java:505)
	at org.apache.jmeter.threads.JMeterThread.processSampler(JMeterThread.java:418)
	at org.apache.jmeter.threads.JMeterThread.run(JMeterThread.java:249)
	at java.lang.Thread.run(Thread.java:745)

2017/06/01 16:10:11 INFO  - jmeter.threads.JMeterThread: Thread is done: Thread Group 1-8 
2017/06/01 16:10:11 INFO  - jmeter.threads.JMeterThread: Thread finished: Thread Group 1-8 
2017/06/01 16:10:11 ERROR - jmeter.visualizers.JSR223Listener: Problem in JSR223 script JSR223 Listener javax.script.ScriptException: Both script file and script text are empty for element:JSR223 Listener
	at org.apache.jmeter.util.JSR223TestElement.processFileOrScript(JSR223TestElement.java:223)
	at org.apache.jmeter.visualizers.JSR223Listener.sampleOccurred(JSR223Listener.java:50)
	at org.apache.jmeter.threads.ListenerNotifier.notifyListeners(ListenerNotifier.java:67)
	at org.apache.jmeter.threads.JMeterThread.notifyListeners(JMeterThread.java:852)
	at org.apache.jmeter.threads.JMeterThread.executeSamplePackage(JMeterThread.java:505)
	at org.apache.jmeter.threads.JMeterThread.processSampler(JMeterThread.java:418)
	at org.apache.jmeter.threads.JMeterThread.run(JMeterThread.java:249)
	at java.lang.Thread.run(Thread.java:745)

2017/06/01 16:10:11 INFO  - jmeter.threads.JMeterThread: Thread is done: Thread Group 1-9 
2017/06/01 16:10:11 INFO  - jmeter.threads.JMeterThread: Thread finished: Thread Group 1-9 
2017/06/01 16:10:11 ERROR - jmeter.visualizers.JSR223Listener: Problem in JSR223 script JSR223 Listener javax.script.ScriptException: Both script file and script text are empty for element:JSR223 Listener
	at org.apache.jmeter.util.JSR223TestElement.processFileOrScript(JSR223TestElement.java:223)
	at org.apache.jmeter.visualizers.JSR223Listener.sampleOccurred(JSR223Listener.java:50)
	at org.apache.jmeter.threads.ListenerNotifier.notifyListeners(ListenerNotifier.java:67)
	at org.apache.jmeter.threads.JMeterThread.notifyListeners(JMeterThread.java:852)
	at org.apache.jmeter.threads.JMeterThread.executeSamplePackage(JMeterThread.java:505)
	at org.apache.jmeter.threads.JMeterThread.processSampler(JMeterThread.java:418)
	at org.apache.jmeter.threads.JMeterThread.run(JMeterThread.java:249)
	at java.lang.Thread.run(Thread.java:745)

2017/06/01 16:10:11 INFO  - jmeter.threads.JMeterThread: Thread is done: Thread Group 1-10 
2017/06/01 16:10:11 INFO  - jmeter.threads.JMeterThread: Thread finished: Thread Group 1-10 
2017/06/01 16:10:13 ERROR - jmeter.visualizers.JSR223Listener: Problem in JSR223 script JSR223 Listener javax.script.ScriptException: Both script file and script text are empty for element:JSR223 Listener
	at org.apache.jmeter.util.JSR223TestElement.processFileOrScript(JSR223TestElement.java:223)
	at org.apache.jmeter.visualizers.JSR223Listener.sampleOccurred(JSR223Listener.java:50)
	at org.apache.jmeter.threads.ListenerNotifier.notifyListeners(ListenerNotifier.java:67)
	at org.apache.jmeter.threads.JMeterThread.notifyListeners(JMeterThread.java:852)
	at org.apache.jmeter.threads.JMeterThread.executeSamplePackage(JMeterThread.java:505)
	at org.apache.jmeter.threads.JMeterThread.processSampler(JMeterThread.java:418)
	at org.apache.jmeter.threads.JMeterThread.run(JMeterThread.java:249)
	at java.lang.Thread.run(Thread.java:745)

2017/06/01 16:10:13 INFO  - jmeter.threads.JMeterThread: Thread is done: Thread Group 1-11 
2017/06/01 16:10:13 INFO  - jmeter.threads.JMeterThread: Thread finished: Thread Group 1-11 
2017/06/01 16:10:17 ERROR - jmeter.visualizers.JSR223Listener: Problem in JSR223 script JSR223 Listener javax.script.ScriptException: Both script file and script text are empty for element:JSR223 Listener
	at org.apache.jmeter.util.JSR223TestElement.processFileOrScript(JSR223TestElement.java:223)
	at org.apache.jmeter.visualizers.JSR223Listener.sampleOccurred(JSR223Listener.java:50)
	at org.apache.jmeter.threads.ListenerNotifier.notifyListeners(ListenerNotifier.java:67)
	at org.apache.jmeter.threads.JMeterThread.notifyListeners(JMeterThread.java:852)
	at org.apache.jmeter.threads.JMeterThread.executeSamplePackage(JMeterThread.java:505)
	at org.apache.jmeter.threads.JMeterThread.processSampler(JMeterThread.java:418)
	at org.apache.jmeter.threads.JMeterThread.run(JMeterThread.java:249)
	at java.lang.Thread.run(Thread.java:745)

2017/06/01 16:10:17 INFO  - jmeter.threads.JMeterThread: Thread is done: Thread Group 1-13 
2017/06/01 16:10:17 INFO  - jmeter.threads.JMeterThread: Thread finished: Thread Group 1-13 
2017/06/01 16:10:19 ERROR - jmeter.visualizers.JSR223Listener: Problem in JSR223 script JSR223 Listener javax.script.ScriptException: Both script file and script text are empty for element:JSR223 Listener
	at org.apache.jmeter.util.JSR223TestElement.processFileOrScript(JSR223TestElement.java:223)
	at org.apache.jmeter.visualizers.JSR223Listener.sampleOccurred(JSR223Listener.java:50)
	at org.apache.jmeter.threads.ListenerNotifier.notifyListeners(ListenerNotifier.java:67)
	at org.apache.jmeter.threads.JMeterThread.notifyListeners(JMeterThread.java:852)
	at org.apache.jmeter.threads.JMeterThread.executeSamplePackage(JMeterThread.java:505)
	at org.apache.jmeter.threads.JMeterThread.processSampler(JMeterThread.java:418)
	at org.apache.jmeter.threads.JMeterThread.run(JMeterThread.java:249)
	at java.lang.Thread.run(Thread.java:745)

2017/06/01 16:10:19 INFO  - jmeter.threads.JMeterThread: Thread is done: Thread Group 1-14 
2017/06/01 16:10:19 INFO  - jmeter.threads.JMeterThread: Thread finished: Thread Group 1-14 
2017/06/01 16:10:19 ERROR - jmeter.visualizers.JSR223Listener: Problem in JSR223 script JSR223 Listener javax.script.ScriptException: Both script file and script text are empty for element:JSR223 Listener
	at org.apache.jmeter.util.JSR223TestElement.processFileOrScript(JSR223TestElement.java:223)
	at org.apache.jmeter.visualizers.JSR223Listener.sampleOccurred(JSR223Listener.java:50)
	at org.apache.jmeter.threads.ListenerNotifier.notifyListeners(ListenerNotifier.java:67)
	at org.apache.jmeter.threads.JMeterThread.notifyListeners(JMeterThread.java:852)
	at org.apache.jmeter.threads.JMeterThread.executeSamplePackage(JMeterThread.java:505)
	at org.apache.jmeter.threads.JMeterThread.processSampler(JMeterThread.java:418)
	at org.apache.jmeter.threads.JMeterThread.run(JMeterThread.java:249)
	at java.lang.Thread.run(Thread.java:745)

2017/06/01 16:10:19 INFO  - jmeter.threads.JMeterThread: Thread is done: Thread Group 1-15 
2017/06/01 16:10:19 INFO  - jmeter.threads.JMeterThread: Thread finished: Thread Group 1-15 
2017/06/01 16:10:20 ERROR - jmeter.visualizers.JSR223Listener: Problem in JSR223 script JSR223 Listener javax.script.ScriptException: Both script file and script text are empty for element:JSR223 Listener
	at org.apache.jmeter.util.JSR223TestElement.processFileOrScript(JSR223TestElement.java:223)
	at org.apache.jmeter.visualizers.JSR223Listener.sampleOccurred(JSR223Listener.java:50)
	at org.apache.jmeter.threads.ListenerNotifier.notifyListeners(ListenerNotifier.java:67)
	at org.apache.jmeter.threads.JMeterThread.notifyListeners(JMeterThread.java:852)
	at org.apache.jmeter.threads.JMeterThread.executeSamplePackage(JMeterThread.java:505)
	at org.apache.jmeter.threads.JMeterThread.processSampler(JMeterThread.java:418)
	at org.apache.jmeter.threads.JMeterThread.run(JMeterThread.java:249)
	at java.lang.Thread.run(Thread.java:745)

2017/06/01 16:10:20 INFO  - jmeter.threads.JMeterThread: Thread is done: Thread Group 1-17 
2017/06/01 16:10:20 INFO  - jmeter.threads.JMeterThread: Thread finished: Thread Group 1-17 
2017/06/01 16:10:22 ERROR - jmeter.visualizers.JSR223Listener: Problem in JSR223 script JSR223 Listener javax.script.ScriptException: Both script file and script text are empty for element:JSR223 Listener
	at org.apache.jmeter.util.JSR223TestElement.processFileOrScript(JSR223TestElement.java:223)
	at org.apache.jmeter.visualizers.JSR223Listener.sampleOccurred(JSR223Listener.java:50)
	at org.apache.jmeter.threads.ListenerNotifier.notifyListeners(ListenerNotifier.java:67)
	at org.apache.jmeter.threads.JMeterThread.notifyListeners(JMeterThread.java:852)
	at org.apache.jmeter.threads.JMeterThread.executeSamplePackage(JMeterThread.java:505)
	at org.apache.jmeter.threads.JMeterThread.processSampler(JMeterThread.java:418)
	at org.apache.jmeter.threads.JMeterThread.run(JMeterThread.java:249)
	at java.lang.Thread.run(Thread.java:745)

2017/06/01 16:10:22 INFO  - jmeter.threads.JMeterThread: Thread is done: Thread Group 1-12 
2017/06/01 16:10:22 INFO  - jmeter.threads.JMeterThread: Thread finished: Thread Group 1-12 
2017/06/01 16:10:22 ERROR - jmeter.visualizers.JSR223Listener: Problem in JSR223 script JSR223 Listener javax.script.ScriptException: Both script file and script text are empty for element:JSR223 Listener
	at org.apache.jmeter.util.JSR223TestElement.processFileOrScript(JSR223TestElement.java:223)
	at org.apache.jmeter.visualizers.JSR223Listener.sampleOccurred(JSR223Listener.java:50)
	at org.apache.jmeter.threads.ListenerNotifier.notifyListeners(ListenerNotifier.java:67)
	at org.apache.jmeter.threads.JMeterThread.notifyListeners(JMeterThread.java:852)
	at org.apache.jmeter.threads.JMeterThread.executeSamplePackage(JMeterThread.java:505)
	at org.apache.jmeter.threads.JMeterThread.processSampler(JMeterThread.java:418)
	at org.apache.jmeter.threads.JMeterThread.run(JMeterThread.java:249)
	at java.lang.Thread.run(Thread.java:745)

2017/06/01 16:10:22 INFO  - jmeter.threads.JMeterThread: Thread is done: Thread Group 1-16 
2017/06/01 16:10:22 INFO  - jmeter.threads.JMeterThread: Thread finished: Thread Group 1-16 
2017/06/01 16:10:24 ERROR - jmeter.visualizers.JSR223Listener: Problem in JSR223 script JSR223 Listener javax.script.ScriptException: Both script file and script text are empty for element:JSR223 Listener
	at org.apache.jmeter.util.JSR223TestElement.processFileOrScript(JSR223TestElement.java:223)
	at org.apache.jmeter.visualizers.JSR223Listener.sampleOccurred(JSR223Listener.java:50)
	at org.apache.jmeter.threads.ListenerNotifier.notifyListeners(ListenerNotifier.java:67)
	at org.apache.jmeter.threads.JMeterThread.notifyListeners(JMeterThread.java:852)
	at org.apache.jmeter.threads.JMeterThread.executeSamplePackage(JMeterThread.java:505)
	at org.apache.jmeter.threads.JMeterThread.processSampler(JMeterThread.java:418)
	at org.apache.jmeter.threads.JMeterThread.run(JMeterThread.java:249)
	at java.lang.Thread.run(Thread.java:745)

2017/06/01 16:10:24 INFO  - jmeter.threads.JMeterThread: Thread is done: Thread Group 1-18 
2017/06/01 16:10:24 INFO  - jmeter.threads.JMeterThread: Thread finished: Thread Group 1-18 
2017/06/01 16:10:25 ERROR - jmeter.visualizers.JSR223Listener: Problem in JSR223 script JSR223 Listener javax.script.ScriptException: Both script file and script text are empty for element:JSR223 Listener
	at org.apache.jmeter.util.JSR223TestElement.processFileOrScript(JSR223TestElement.java:223)
	at org.apache.jmeter.visualizers.JSR223Listener.sampleOccurred(JSR223Listener.java:50)
	at org.apache.jmeter.threads.ListenerNotifier.notifyListeners(ListenerNotifier.java:67)
	at org.apache.jmeter.threads.JMeterThread.notifyListeners(JMeterThread.java:852)
	at org.apache.jmeter.threads.JMeterThread.executeSamplePackage(JMeterThread.java:505)
	at org.apache.jmeter.threads.JMeterThread.processSampler(JMeterThread.java:418)
	at org.apache.jmeter.threads.JMeterThread.run(JMeterThread.java:249)
	at java.lang.Thread.run(Thread.java:745)

2017/06/01 16:10:25 INFO  - jmeter.threads.JMeterThread: Thread is done: Thread Group 1-19 
2017/06/01 16:10:25 INFO  - jmeter.threads.JMeterThread: Thread finished: Thread Group 1-19 
2017/06/01 16:10:27 ERROR - jmeter.visualizers.JSR223Listener: Problem in JSR223 script JSR223 Listener javax.script.ScriptException: Both script file and script text are empty for element:JSR223 Listener
	at org.apache.jmeter.util.JSR223TestElement.processFileOrScript(JSR223TestElement.java:223)
	at org.apache.jmeter.visualizers.JSR223Listener.sampleOccurred(JSR223Listener.java:50)
	at org.apache.jmeter.threads.ListenerNotifier.notifyListeners(ListenerNotifier.java:67)
	at org.apache.jmeter.threads.JMeterThread.notifyListeners(JMeterThread.java:852)
	at org.apache.jmeter.threads.JMeterThread.executeSamplePackage(JMeterThread.java:505)
	at org.apache.jmeter.threads.JMeterThread.processSampler(JMeterThread.java:418)
	at org.apache.jmeter.threads.JMeterThread.run(JMeterThread.java:249)
	at java.lang.Thread.run(Thread.java:745)

2017/06/01 16:10:27 INFO  - jmeter.threads.JMeterThread: Thread is done: Thread Group 1-20 
2017/06/01 16:10:27 INFO  - jmeter.threads.JMeterThread: Thread finished: Thread Group 1-20 
2017/06/01 16:10:27 INFO  - jmeter.engine.StandardJMeterEngine: Notifying test listeners of end of test 
2017/06/01 16:10:27 INFO  - jmeter.reporters.Summariser: summary +     15 in 00:00:26 =    0,6/s Avg: 35508 Min: 31139 Max: 40666 Err:     0 (0,00%) Active: 0 Started: 20 Finished: 20 
2017/06/01 16:10:27 INFO  - jmeter.reporters.Summariser: summary =    100 in 00:01:04 =    1,6/s Avg:  7800 Min:     0 Max: 40666 Err:    20 (20,00%) 
