2017/03/02 14:22:59 INFO  - jmeter.util.JMeterUtils: Setting Locale to es_ES 
2017/03/02 14:22:59 INFO  - jmeter.util.JMeterUtils: Could not find resources for 'es_ES', using 'es' 
2017/03/02 14:22:59 INFO  - jmeter.JMeter: Loading user properties from: C:\apache-jmeter-3.1\bin\user.properties 
2017/03/02 14:22:59 INFO  - jmeter.JMeter: Loading system properties from: C:\apache-jmeter-3.1\bin\system.properties 
2017/03/02 14:22:59 INFO  - jmeter.JMeter: Copyright (c) 1998-2016 The Apache Software Foundation 
2017/03/02 14:22:59 INFO  - jmeter.JMeter: Version 3.1 r1770033 
2017/03/02 14:22:59 INFO  - jmeter.JMeter: java.version=1.8.0_111 
2017/03/02 14:22:59 INFO  - jmeter.JMeter: java.vm.name=Java HotSpot(TM) 64-Bit Server VM 
2017/03/02 14:22:59 INFO  - jmeter.JMeter: os.name=Windows 7 
2017/03/02 14:22:59 INFO  - jmeter.JMeter: os.arch=amd64 
2017/03/02 14:22:59 INFO  - jmeter.JMeter: os.version=6.1 
2017/03/02 14:22:59 INFO  - jmeter.JMeter: file.encoding=Cp1252 
2017/03/02 14:22:59 INFO  - jmeter.JMeter: Max memory     =523763712 
2017/03/02 14:22:59 INFO  - jmeter.JMeter: Available Processors =4 
2017/03/02 14:22:59 INFO  - jmeter.JMeter: Default Locale=español (España) 
2017/03/02 14:22:59 INFO  - jmeter.JMeter: JMeter  Locale=español (España) 
2017/03/02 14:22:59 INFO  - jmeter.JMeter: JMeterHome=C:\apache-jmeter-3.1 
2017/03/02 14:22:59 INFO  - jmeter.JMeter: user.dir  =C:\apache-jmeter-3.1\bin 
2017/03/02 14:22:59 INFO  - jmeter.JMeter: PWD       =C:\apache-jmeter-3.1\bin 
2017/03/02 14:22:59 INFO  - jmeter.JMeter: IP: 192.168.56.1 Name: LM22672P FullName: LM22672P.intranet.ibermatica 
2017/03/02 14:23:00 INFO  - jmeter.engine.RemoteJMeterEngineImpl: Starting backing engine on 1099 
2017/03/02 14:23:00 INFO  - jmeter.engine.RemoteJMeterEngineImpl: System property 'java.rmi.server.hostname' is not defined, using localHost address 
2017/03/02 14:23:00 INFO  - jmeter.engine.RemoteJMeterEngineImpl: Local IP address=192.168.56.1 
2017/03/02 14:23:00 INFO  - jmeter.engine.RemoteJMeterEngineImpl: IP address is a site-local address; this may cause problems with remote access.
	Can be overridden by defining the system property 'java.rmi.server.hostname' - see jmeter-server script file 
2017/03/02 14:23:00 INFO  - jmeter.engine.RemoteJMeterEngineImpl: Creating RMI registry (server.rmi.create=true) 
2017/03/02 14:23:00 INFO  - jmeter.engine.RemoteJMeterEngineImpl: Bound to registry on port 1099 
